
code5.elf:     file format elf32-bigmips


Disassembly of section .text.start:

10000000 <_entry>:
10000000:	3c051000 	lui	a1,0x1000
10000004:	24a53110 	addiu	a1,a1,12560
10000008:	3c041008 	lui	a0,0x1008
1000000c:	2484e588 	addiu	a0,a0,-6776
10000010:	3c1c1000 	lui	gp,0x1000
10000014:	279c3108 	addiu	gp,gp,12552
10000018:	3c1d2000 	lui	sp,0x2000
1000001c:	27bdfffc 	addiu	sp,sp,-4
10000020:	aca00000 	sw	zero,0(a1)
10000024:	00a4182a 	slt	v1,a1,a0
10000028:	24a50004 	addiu	a1,a1,4
1000002c:	1460fffc 	bnez	v1,10000020 <_entry+0x20>
10000030:	00000000 	nop
10000034:	0c0003ee 	jal	10000fb8 <main>
10000038:	00000000 	nop
1000003c:	3c1ae000 	lui	k0,0xe000
10000040:	af400000 	sw	zero,0(k0)
10000044:	1000ffff 	b	10000044 <_entry+0x44>
10000048:	00000000 	nop
	...

10000100 <_isr>:
10000100:	23bdff98 	addi	sp,sp,-104
10000104:	afa10010 	sw	at,16(sp)
10000108:	afa20014 	sw	v0,20(sp)
1000010c:	afa30018 	sw	v1,24(sp)
10000110:	afa4001c 	sw	a0,28(sp)
10000114:	afa50020 	sw	a1,32(sp)
10000118:	afa60024 	sw	a2,36(sp)
1000011c:	afa70028 	sw	a3,40(sp)
10000120:	afa8002c 	sw	t0,44(sp)
10000124:	afa90030 	sw	t1,48(sp)
10000128:	afaa0034 	sw	t2,52(sp)
1000012c:	afab0038 	sw	t3,56(sp)
10000130:	afac003c 	sw	t4,60(sp)
10000134:	afad0040 	sw	t5,64(sp)
10000138:	afae0044 	sw	t6,68(sp)
1000013c:	afaf0048 	sw	t7,72(sp)
10000140:	afb8004c 	sw	t8,76(sp)
10000144:	afb90050 	sw	t9,80(sp)
10000148:	afbf0054 	sw	ra,84(sp)
1000014c:	401a7000 	mfc0	k0,c0_epc
10000150:	235afffc 	addi	k0,k0,-4
10000154:	afba0058 	sw	k0,88(sp)
10000158:	0000d810 	mfhi	k1
1000015c:	afbb005c 	sw	k1,92(sp)
10000160:	0000d812 	mflo	k1
10000164:	afbb0060 	sw	k1,96(sp)
10000168:	3c052000 	lui	a1,0x2000
1000016c:	8ca40020 	lw	a0,32(a1)
10000170:	8ca60010 	lw	a2,16(a1)
10000174:	00862024 	and	a0,a0,a2
10000178:	0c000187 	jal	1000061c <_irq_handler>
1000017c:	27a50000 	addiu	a1,sp,0
10000180:	8fa10010 	lw	at,16(sp)
10000184:	8fa20014 	lw	v0,20(sp)
10000188:	8fa30018 	lw	v1,24(sp)
1000018c:	8fa4001c 	lw	a0,28(sp)
10000190:	8fa50020 	lw	a1,32(sp)
10000194:	8fa60024 	lw	a2,36(sp)
10000198:	8fa70028 	lw	a3,40(sp)
1000019c:	8fa8002c 	lw	t0,44(sp)
100001a0:	8fa90030 	lw	t1,48(sp)
100001a4:	8faa0034 	lw	t2,52(sp)
100001a8:	8fab0038 	lw	t3,56(sp)
100001ac:	8fac003c 	lw	t4,60(sp)
100001b0:	8fad0040 	lw	t5,64(sp)
100001b4:	8fae0044 	lw	t6,68(sp)
100001b8:	8faf0048 	lw	t7,72(sp)
100001bc:	8fb8004c 	lw	t8,76(sp)
100001c0:	8fb90050 	lw	t9,80(sp)
100001c4:	8fbf0054 	lw	ra,84(sp)
100001c8:	8fba0058 	lw	k0,88(sp)
100001cc:	8fbb005c 	lw	k1,92(sp)
100001d0:	03600011 	mthi	k1
100001d4:	8fbb0060 	lw	k1,96(sp)
100001d8:	03600013 	mtlo	k1
100001dc:	23bd0068 	addi	sp,sp,104

100001e0 <isr_return>:
100001e0:	341b0001 	li	k1,0x1
100001e4:	03400008 	jr	k0
100001e8:	409b6000 	mtc0	k1,c0_sr

100001ec <_interrupt_set>:
100001ec:	40026000 	mfc0	v0,c0_sr
100001f0:	40846000 	mtc0	a0,c0_sr
100001f4:	03e00008 	jr	ra
100001f8:	40846000 	mtc0	a0,c0_sr

100001fc <_interrupt_init>:
100001fc:	3c051000 	lui	a1,0x1000
10000200:	24a5022c 	addiu	a1,a1,556
10000204:	8ca60000 	lw	a2,0(a1)
10000208:	ac06003c 	sw	a2,60(zero)
1000020c:	8ca60004 	lw	a2,4(a1)
10000210:	ac060040 	sw	a2,64(zero)
10000214:	8ca60008 	lw	a2,8(a1)
10000218:	ac060044 	sw	a2,68(zero)
1000021c:	8ca6000c 	lw	a2,12(a1)
10000220:	ac060048 	sw	a2,72(zero)
10000224:	03e00008 	jr	ra
10000228:	00000000 	nop

1000022c <_irq_patch>:
1000022c:	3c1a1000 	lui	k0,0x1000
10000230:	275a0100 	addiu	k0,k0,256
10000234:	03400008 	jr	k0
10000238:	00000000 	nop

1000023c <_context_save>:
1000023c:	ac900000 	sw	s0,0(a0)
10000240:	ac910004 	sw	s1,4(a0)
10000244:	ac920008 	sw	s2,8(a0)
10000248:	ac93000c 	sw	s3,12(a0)
1000024c:	ac940010 	sw	s4,16(a0)
10000250:	ac950014 	sw	s5,20(a0)
10000254:	ac960018 	sw	s6,24(a0)
10000258:	ac97001c 	sw	s7,28(a0)
1000025c:	ac9e0020 	sw	s8,32(a0)
10000260:	ac9c0024 	sw	gp,36(a0)
10000264:	ac9d0028 	sw	sp,40(a0)
10000268:	ac9f002c 	sw	ra,44(a0)
1000026c:	03e00008 	jr	ra
10000270:	34020000 	li	v0,0x0

10000274 <_context_restore>:
10000274:	8c900000 	lw	s0,0(a0)
10000278:	8c910004 	lw	s1,4(a0)
1000027c:	8c920008 	lw	s2,8(a0)
10000280:	8c93000c 	lw	s3,12(a0)
10000284:	8c940010 	lw	s4,16(a0)
10000288:	8c950014 	lw	s5,20(a0)
1000028c:	8c960018 	lw	s6,24(a0)
10000290:	8c97001c 	lw	s7,28(a0)
10000294:	8c9e0020 	lw	s8,32(a0)
10000298:	8c9c0024 	lw	gp,36(a0)
1000029c:	8c9d0028 	lw	sp,40(a0)
100002a0:	8c9f002c 	lw	ra,44(a0)
100002a4:	341b0001 	li	k1,0x1
100002a8:	409b6000 	mtc0	k1,c0_sr
100002ac:	03e00008 	jr	ra
100002b0:	34a20000 	ori	v0,a1,0x0

Disassembly of section .text:

100002b4 <_idletask>:
100002b4:	080000ad 	j	100002b4 <_idletask>
100002b8:	00000000 	nop

100002bc <putchar>:
100002bc:	3c022000 	lui	v0,0x2000
100002c0:	ac4400d0 	sw	a0,208(v0)
100002c4:	03e00008 	jr	ra
100002c8:	00000000 	nop

100002cc <_hardware_init>:
100002cc:	3c022000 	lui	v0,0x2000
100002d0:	3c03a5a5 	lui	v1,0xa5a5
100002d4:	8c4400e0 	lw	a0,224(v0)
100002d8:	3463a5a5 	ori	v1,v1,0xa5a5
100002dc:	14830006 	bne	a0,v1,100002f8 <_hardware_init+0x2c>
100002e0:	3c03017d 	lui	v1,0x17d
100002e4:	24637840 	addiu	v1,v1,30784
100002e8:	ac4300a0 	sw	v1,160(v0)
100002ec:	3c030004 	lui	v1,0x4
100002f0:	ac4300b0 	sw	v1,176(v0)
100002f4:	3c022000 	lui	v0,0x2000
100002f8:	ac400010 	sw	zero,16(v0)
100002fc:	03e00008 	jr	ra
10000300:	00000000 	nop

10000304 <_vm_init>:
10000304:	3c041000 	lui	a0,0x1000
10000308:	27bdffe8 	addiu	sp,sp,-24
1000030c:	afbf0014 	sw	ra,20(sp)
10000310:	0c0001f7 	jal	100007dc <kprintf>
10000314:	248426fc 	addiu	a0,a0,9980
10000318:	3c041000 	lui	a0,0x1000
1000031c:	3c050007 	lui	a1,0x7
10000320:	8fbf0014 	lw	ra,20(sp)
10000324:	2484439c 	addiu	a0,a0,17308
10000328:	34a5a120 	ori	a1,a1,0xa120
1000032c:	08000508 	j	10001420 <heapinit>
10000330:	27bd0018 	addiu	sp,sp,24

10000334 <_sched_init>:
10000334:	3c041000 	lui	a0,0x1000
10000338:	080001f7 	j	100007dc <kprintf>
1000033c:	24842710 	addiu	a0,a0,10000

10000340 <_timer_init>:
10000340:	27bdffe8 	addiu	sp,sp,-24
10000344:	3c041000 	lui	a0,0x1000
10000348:	afb00010 	sw	s0,16(sp)
1000034c:	24842724 	addiu	a0,a0,10020
10000350:	afbf0014 	sw	ra,20(sp)
10000354:	0c0001f7 	jal	100007dc <kprintf>
10000358:	3c101000 	lui	s0,0x1000
1000035c:	26051ddc 	addiu	a1,s0,7644
10000360:	0c000179 	jal	100005e4 <_irq_register>
10000364:	24040008 	li	a0,8
10000368:	26051ddc 	addiu	a1,s0,7644
1000036c:	0c000179 	jal	100005e4 <_irq_register>
10000370:	24040004 	li	a0,4
10000374:	3c022000 	lui	v0,0x2000
10000378:	8c430010 	lw	v1,16(v0)
1000037c:	8fbf0014 	lw	ra,20(sp)
10000380:	34630008 	ori	v1,v1,0x8
10000384:	8fb00010 	lw	s0,16(sp)
10000388:	ac430010 	sw	v1,16(v0)
1000038c:	03e00008 	jr	ra
10000390:	27bd0018 	addiu	sp,sp,24

10000394 <_irq_init>:
10000394:	3c041000 	lui	a0,0x1000
10000398:	080001f7 	j	100007dc <kprintf>
1000039c:	24842738 	addiu	a0,a0,10040

100003a0 <_device_init>:
100003a0:	3c041000 	lui	a0,0x1000
100003a4:	27bdffe8 	addiu	sp,sp,-24
100003a8:	afbf0014 	sw	ra,20(sp)
100003ac:	0c0001f7 	jal	100007dc <kprintf>
100003b0:	2484274c 	addiu	a0,a0,10060
100003b4:	8fbf0014 	lw	ra,20(sp)
100003b8:	080005f1 	j	100017c4 <ni_init>
100003bc:	27bd0018 	addiu	sp,sp,24

100003c0 <_task_init>:
100003c0:	3c041000 	lui	a0,0x1000
100003c4:	27bdffe0 	addiu	sp,sp,-32
100003c8:	24842764 	addiu	a0,a0,10084
100003cc:	afbf001c 	sw	ra,28(sp)
100003d0:	0c0001f7 	jal	100007dc <kprintf>
100003d4:	afb00018 	sw	s0,24(sp)
100003d8:	3c021000 	lui	v0,0x1000
100003dc:	24423028 	addiu	v0,v0,12328
100003e0:	3c041000 	lui	a0,0x1000
100003e4:	00003021 	move	a2,zero
100003e8:	00003821 	move	a3,zero
100003ec:	248402b4 	addiu	a0,a0,692
100003f0:	00002821 	move	a1,zero
100003f4:	afa20010 	sw	v0,16(sp)
100003f8:	24020400 	li	v0,1024
100003fc:	0c0008ea 	jal	100023a8 <hf_spawn>
10000400:	afa20014 	sw	v0,20(sp)
10000404:	0c00027d 	jal	100009f4 <app_main>
10000408:	3c101008 	lui	s0,0x1008
1000040c:	3c021008 	lui	v0,0x1008
10000410:	8c45e598 	lw	a1,-6760(v0)
10000414:	3c041000 	lui	a0,0x1000
10000418:	0c0001f7 	jal	100007dc <kprintf>
1000041c:	24842778 	addiu	a0,a0,10104
10000420:	3c041000 	lui	a0,0x1000
10000424:	0c0001f7 	jal	100007dc <kprintf>
10000428:	24842798 	addiu	a0,a0,10136
1000042c:	3c021000 	lui	v0,0x1000
10000430:	00002021 	move	a0,zero
10000434:	244231cc 	addiu	v0,v0,12748
10000438:	0c0006a5 	jal	10001a94 <hf_schedlock>
1000043c:	ae02e58c 	sw	v0,-6772(s0)
10000440:	8e04e58c 	lw	a0,-6772(s0)
10000444:	8fbf001c 	lw	ra,28(sp)
10000448:	8fb00018 	lw	s0,24(sp)
1000044c:	24050001 	li	a1,1
10000450:	24840038 	addiu	a0,a0,56
10000454:	0800009d 	j	10000274 <_context_restore>
10000458:	27bd0020 	addiu	sp,sp,32

1000045c <_set_task_sp>:
1000045c:	3084ffff 	andi	a0,a0,0xffff
10000460:	00041880 	sll	v1,a0,0x2
10000464:	00041100 	sll	v0,a0,0x4
10000468:	00621021 	addu	v0,v1,v0
1000046c:	00442023 	subu	a0,v0,a0
10000470:	3c021000 	lui	v0,0x1000
10000474:	000420c0 	sll	a0,a0,0x3
10000478:	244231cc 	addiu	v0,v0,12748
1000047c:	00822021 	addu	a0,a0,v0
10000480:	03e00008 	jr	ra
10000484:	ac850060 	sw	a1,96(a0)

10000488 <_get_task_sp>:
10000488:	3084ffff 	andi	a0,a0,0xffff
1000048c:	00041880 	sll	v1,a0,0x2
10000490:	00041100 	sll	v0,a0,0x4
10000494:	00621021 	addu	v0,v1,v0
10000498:	00442023 	subu	a0,v0,a0
1000049c:	3c021000 	lui	v0,0x1000
100004a0:	244231cc 	addiu	v0,v0,12748
100004a4:	000420c0 	sll	a0,a0,0x3
100004a8:	00822021 	addu	a0,a0,v0
100004ac:	8c820060 	lw	v0,96(a0)
100004b0:	03e00008 	jr	ra
100004b4:	00000000 	nop

100004b8 <_set_task_tp>:
100004b8:	3084ffff 	andi	a0,a0,0xffff
100004bc:	00041880 	sll	v1,a0,0x2
100004c0:	00041100 	sll	v0,a0,0x4
100004c4:	00621021 	addu	v0,v1,v0
100004c8:	00442023 	subu	a0,v0,a0
100004cc:	3c021000 	lui	v0,0x1000
100004d0:	000420c0 	sll	a0,a0,0x3
100004d4:	244231cc 	addiu	v0,v0,12748
100004d8:	00822021 	addu	a0,a0,v0
100004dc:	03e00008 	jr	ra
100004e0:	ac850064 	sw	a1,100(a0)

100004e4 <_read_us>:
100004e4:	3c091000 	lui	t1,0x1000
100004e8:	8d223118 	lw	v0,12568(t1)
100004ec:	27bdffe8 	addiu	sp,sp,-24
100004f0:	afbf0014 	sw	ra,20(sp)
100004f4:	14400015 	bnez	v0,1000054c <_read_us+0x68>
100004f8:	3c032000 	lui	v1,0x2000
100004fc:	8c620060 	lw	v0,96(v1)
10000500:	3c021000 	lui	v0,0x1000
10000504:	8c42311c 	lw	v0,12572(v0)
10000508:	8c630060 	lw	v1,96(v1)
1000050c:	3c032000 	lui	v1,0x2000
10000510:	8c6a0060 	lw	t2,96(v1)
10000514:	8c680060 	lw	t0,96(v1)
10000518:	00402021 	move	a0,v0
1000051c:	3c031000 	lui	v1,0x1000
10000520:	01002821 	move	a1,t0
10000524:	24070019 	li	a3,25
10000528:	00003021 	move	a2,zero
1000052c:	ad2a3118 	sw	t2,12568(t1)
10000530:	ac623120 	sw	v0,12576(v1)
10000534:	0c0003e6 	jal	10000f98 <__udivdi3>
10000538:	ac683124 	sw	t0,12580(v1)
1000053c:	8fbf0014 	lw	ra,20(sp)
10000540:	00000000 	nop
10000544:	03e00008 	jr	ra
10000548:	27bd0018 	addiu	sp,sp,24
1000054c:	8c630060 	lw	v1,96(v1)
10000550:	00000000 	nop
10000554:	0062102b 	sltu	v0,v1,v0
10000558:	10400007 	beqz	v0,10000578 <_read_us+0x94>
1000055c:	00000000 	nop
10000560:	3c031000 	lui	v1,0x1000
10000564:	8c62311c 	lw	v0,12572(v1)
10000568:	00000000 	nop
1000056c:	24420001 	addiu	v0,v0,1
10000570:	08000143 	j	1000050c <_read_us+0x28>
10000574:	ac62311c 	sw	v0,12572(v1)
10000578:	3c021000 	lui	v0,0x1000
1000057c:	8c42311c 	lw	v0,12572(v0)
10000580:	08000144 	j	10000510 <_read_us+0x2c>
10000584:	3c032000 	lui	v1,0x2000

10000588 <_timer_reset>:
10000588:	3c022000 	lui	v0,0x2000
1000058c:	8c430010 	lw	v1,16(v0)
10000590:	27bdffe8 	addiu	sp,sp,-24
10000594:	3863000c 	xori	v1,v1,0xc
10000598:	afbf0014 	sw	ra,20(sp)
1000059c:	ac430010 	sw	v1,16(v0)
100005a0:	0c000139 	jal	100004e4 <_read_us>
100005a4:	00000000 	nop
100005a8:	3c021000 	lui	v0,0x1000
100005ac:	8c453114 	lw	a1,12564(v0)
100005b0:	3c041000 	lui	a0,0x1000
100005b4:	8fbf0014 	lw	ra,20(sp)
100005b8:	00652823 	subu	a1,v1,a1
100005bc:	ac833110 	sw	v1,12560(a0)
100005c0:	3c041008 	lui	a0,0x1008
100005c4:	ac85e4d0 	sw	a1,-6960(a0)
100005c8:	ac433114 	sw	v1,12564(v0)
100005cc:	03e00008 	jr	ra
100005d0:	27bd0018 	addiu	sp,sp,24

100005d4 <_panic>:
100005d4:	3c02e000 	lui	v0,0xe000
100005d8:	ac400000 	sw	zero,0(v0)
100005dc:	03e00008 	jr	ra
100005e0:	00000000 	nop

100005e4 <_irq_register>:
100005e4:	3c031000 	lui	v1,0x1000
100005e8:	24633128 	addiu	v1,v1,12584
100005ec:	00001021 	move	v0,zero
100005f0:	24080001 	li	t0,1
100005f4:	24070020 	li	a3,32
100005f8:	00483004 	sllv	a2,t0,v0
100005fc:	00c43024 	and	a2,a2,a0
10000600:	10c00002 	beqz	a2,1000060c <_irq_register+0x28>
10000604:	24420001 	addiu	v0,v0,1
10000608:	ac650000 	sw	a1,0(v1)
1000060c:	1447fffa 	bne	v0,a3,100005f8 <_irq_register+0x14>
10000610:	24630004 	addiu	v1,v1,4
10000614:	03e00008 	jr	ra
10000618:	00000000 	nop

1000061c <_irq_handler>:
1000061c:	3c021008 	lui	v0,0x1008
10000620:	2442e4bc 	addiu	v0,v0,-6980
10000624:	8c430010 	lw	v1,16(v0)
10000628:	27bdffe0 	addiu	sp,sp,-32
1000062c:	afb10014 	sw	s1,20(sp)
10000630:	24630001 	addiu	v1,v1,1
10000634:	3c111000 	lui	s1,0x1000
10000638:	afb20018 	sw	s2,24(sp)
1000063c:	afb00010 	sw	s0,16(sp)
10000640:	afbf001c 	sw	ra,28(sp)
10000644:	00808021 	move	s0,a0
10000648:	00a09021 	move	s2,a1
1000064c:	ac430010 	sw	v1,16(v0)
10000650:	26313128 	addiu	s1,s1,12584
10000654:	32020001 	andi	v0,s0,0x1
10000658:	10400007 	beqz	v0,10000678 <_irq_handler+0x5c>
1000065c:	00108042 	srl	s0,s0,0x1
10000660:	8e220000 	lw	v0,0(s1)
10000664:	00000000 	nop
10000668:	10400003 	beqz	v0,10000678 <_irq_handler+0x5c>
1000066c:	02402021 	move	a0,s2
10000670:	0040f809 	jalr	v0
10000674:	00000000 	nop
10000678:	1600fff6 	bnez	s0,10000654 <_irq_handler+0x38>
1000067c:	26310004 	addiu	s1,s1,4
10000680:	8fbf001c 	lw	ra,28(sp)
10000684:	8fb20018 	lw	s2,24(sp)
10000688:	8fb10014 	lw	s1,20(sp)
1000068c:	8fb00010 	lw	s0,16(sp)
10000690:	03e00008 	jr	ra
10000694:	27bd0020 	addiu	sp,sp,32

10000698 <_irq_mask_set>:
10000698:	27bdffe8 	addiu	sp,sp,-24
1000069c:	afb00010 	sw	s0,16(sp)
100006a0:	00808021 	move	s0,a0
100006a4:	afbf0014 	sw	ra,20(sp)
100006a8:	0c00007b 	jal	100001ec <_interrupt_set>
100006ac:	00002021 	move	a0,zero
100006b0:	3c032000 	lui	v1,0x2000
100006b4:	8c650010 	lw	a1,16(v1)
100006b8:	8fbf0014 	lw	ra,20(sp)
100006bc:	02058025 	or	s0,s0,a1
100006c0:	ac700010 	sw	s0,16(v1)
100006c4:	00402021 	move	a0,v0
100006c8:	8fb00010 	lw	s0,16(sp)
100006cc:	0800007b 	j	100001ec <_interrupt_set>
100006d0:	27bd0018 	addiu	sp,sp,24

100006d4 <kitoa.part.0>:
100006d4:	24020010 	li	v0,16
100006d8:	10a20023 	beq	a1,v0,10000768 <kitoa.part.0+0x94>
100006dc:	00803021 	move	a2,a0
100006e0:	04800034 	bltz	a0,100007b4 <kitoa.part.0+0xe0>
100006e4:	00000000 	nop
100006e8:	10800019 	beqz	a0,10000750 <kitoa.part.0+0x7c>
100006ec:	00004021 	move	t0,zero
100006f0:	3c021000 	lui	v0,0x1000
100006f4:	3c071000 	lui	a3,0x1000
100006f8:	2403001e 	li	v1,30
100006fc:	244231a8 	addiu	v0,v0,12712
10000700:	080001c4 	j	10000710 <kitoa.part.0+0x3c>
10000704:	24e727b4 	addiu	a3,a3,10164
10000708:	1060000b 	beqz	v1,10000738 <kitoa.part.0+0x64>
1000070c:	00000000 	nop
10000710:	00c5001a 	div	zero,a2,a1
10000714:	00432021 	addu	a0,v0,v1
10000718:	2463ffff 	addiu	v1,v1,-1
1000071c:	00003010 	mfhi	a2
10000720:	00e63021 	addu	a2,a3,a2
10000724:	90c90000 	lbu	t1,0(a2)
10000728:	00005012 	mflo	t2
1000072c:	00003012 	mflo	a2
10000730:	1540fff5 	bnez	t2,10000708 <kitoa.part.0+0x34>
10000734:	a0890000 	sb	t1,0(a0)
10000738:	11000008 	beqz	t0,1000075c <kitoa.part.0+0x88>
1000073c:	00432021 	addu	a0,v0,v1
10000740:	2405002d 	li	a1,45
10000744:	a0850000 	sb	a1,0(a0)
10000748:	03e00008 	jr	ra
1000074c:	00431021 	addu	v0,v0,v1
10000750:	3c021000 	lui	v0,0x1000
10000754:	2403001e 	li	v1,30
10000758:	244231a8 	addiu	v0,v0,12712
1000075c:	24630001 	addiu	v1,v1,1
10000760:	03e00008 	jr	ra
10000764:	00431021 	addu	v0,v0,v1
10000768:	10800018 	beqz	a0,100007cc <kitoa.part.0+0xf8>
1000076c:	3c071000 	lui	a3,0x1000
10000770:	3c021000 	lui	v0,0x1000
10000774:	2403001e 	li	v1,30
10000778:	244231a8 	addiu	v0,v0,12712
1000077c:	080001e3 	j	1000078c <kitoa.part.0+0xb8>
10000780:	24e727b4 	addiu	a3,a3,10164
10000784:	1060000e 	beqz	v1,100007c0 <kitoa.part.0+0xec>
10000788:	00000000 	nop
1000078c:	30c4000f 	andi	a0,a2,0xf
10000790:	00e42021 	addu	a0,a3,a0
10000794:	90850000 	lbu	a1,0(a0)
10000798:	00063102 	srl	a2,a2,0x4
1000079c:	00432021 	addu	a0,v0,v1
100007a0:	a0850000 	sb	a1,0(a0)
100007a4:	14c0fff7 	bnez	a2,10000784 <kitoa.part.0+0xb0>
100007a8:	2463ffff 	addiu	v1,v1,-1
100007ac:	080001d8 	j	10000760 <kitoa.part.0+0x8c>
100007b0:	24630001 	addiu	v1,v1,1
100007b4:	00043023 	negu	a2,a0
100007b8:	080001bc 	j	100006f0 <kitoa.part.0+0x1c>
100007bc:	24080001 	li	t0,1
100007c0:	24030001 	li	v1,1
100007c4:	03e00008 	jr	ra
100007c8:	00431021 	addu	v0,v0,v1
100007cc:	3c021000 	lui	v0,0x1000
100007d0:	2403001f 	li	v1,31
100007d4:	080001d2 	j	10000748 <kitoa.part.0+0x74>
100007d8:	244231a8 	addiu	v0,v0,12712

100007dc <kprintf>:
100007dc:	27bdffc0 	addiu	sp,sp,-64
100007e0:	27a20044 	addiu	v0,sp,68
100007e4:	afb60034 	sw	s6,52(sp)
100007e8:	afb50030 	sw	s5,48(sp)
100007ec:	afb4002c 	sw	s4,44(sp)
100007f0:	afb30028 	sw	s3,40(sp)
100007f4:	afb20024 	sw	s2,36(sp)
100007f8:	afb10020 	sw	s1,32(sp)
100007fc:	afb0001c 	sw	s0,28(sp)
10000800:	afbf003c 	sw	ra,60(sp)
10000804:	afb70038 	sw	s7,56(sp)
10000808:	afa50044 	sw	a1,68(sp)
1000080c:	afa60048 	sw	a2,72(sp)
10000810:	afa7004c 	sw	a3,76(sp)
10000814:	00808021 	move	s0,a0
10000818:	afa20010 	sw	v0,16(sp)
1000081c:	0040a821 	move	s5,v0
10000820:	24110025 	li	s1,37
10000824:	24120064 	li	s2,100
10000828:	3c141000 	lui	s4,0x1000
1000082c:	24130073 	li	s3,115
10000830:	3c161000 	lui	s6,0x1000
10000834:	82040000 	lb	a0,0(s0)
10000838:	00000000 	nop
1000083c:	10800009 	beqz	a0,10000864 <kprintf+0x88>
10000840:	00000000 	nop
10000844:	10910013 	beq	a0,s1,10000894 <kprintf+0xb8>
10000848:	00000000 	nop
1000084c:	0c0000af 	jal	100002bc <putchar>
10000850:	26100001 	addiu	s0,s0,1
10000854:	82040000 	lb	a0,0(s0)
10000858:	00000000 	nop
1000085c:	1480fff9 	bnez	a0,10000844 <kprintf+0x68>
10000860:	00000000 	nop
10000864:	8fbf003c 	lw	ra,60(sp)
10000868:	00001021 	move	v0,zero
1000086c:	8fb70038 	lw	s7,56(sp)
10000870:	8fb60034 	lw	s6,52(sp)
10000874:	8fb50030 	lw	s5,48(sp)
10000878:	8fb4002c 	lw	s4,44(sp)
1000087c:	8fb30028 	lw	s3,40(sp)
10000880:	8fb20024 	lw	s2,36(sp)
10000884:	8fb10020 	lw	s1,32(sp)
10000888:	8fb0001c 	lw	s0,28(sp)
1000088c:	03e00008 	jr	ra
10000890:	27bd0040 	addiu	sp,sp,64
10000894:	82020001 	lb	v0,1(s0)
10000898:	00000000 	nop
1000089c:	10520030 	beq	v0,s2,10000960 <kprintf+0x184>
100008a0:	28430065 	slti	v1,v0,101
100008a4:	10600009 	beqz	v1,100008cc <kprintf+0xf0>
100008a8:	00000000 	nop
100008ac:	10510043 	beq	v0,s1,100009bc <kprintf+0x1e0>
100008b0:	24030063 	li	v1,99
100008b4:	1043003b 	beq	v0,v1,100009a4 <kprintf+0x1c8>
100008b8:	00000000 	nop
100008bc:	0c0000af 	jal	100002bc <putchar>
100008c0:	2404003f 	li	a0,63
100008c4:	0800020d 	j	10000834 <kprintf+0x58>
100008c8:	26100002 	addiu	s0,s0,2
100008cc:	10530014 	beq	v0,s3,10000920 <kprintf+0x144>
100008d0:	24030078 	li	v1,120
100008d4:	1443fff9 	bne	v0,v1,100008bc <kprintf+0xe0>
100008d8:	00000000 	nop
100008dc:	8ea40000 	lw	a0,0(s5)
100008e0:	00000000 	nop
100008e4:	14800039 	bnez	a0,100009cc <kprintf+0x1f0>
100008e8:	26b50004 	addiu	s5,s5,4
100008ec:	269727c8 	addiu	s7,s4,10184
100008f0:	82e40000 	lb	a0,0(s7)
100008f4:	00000000 	nop
100008f8:	1080fff2 	beqz	a0,100008c4 <kprintf+0xe8>
100008fc:	00000000 	nop
10000900:	0c0000af 	jal	100002bc <putchar>
10000904:	26f70001 	addiu	s7,s7,1
10000908:	82e40000 	lb	a0,0(s7)
1000090c:	00000000 	nop
10000910:	1480fffb 	bnez	a0,10000900 <kprintf+0x124>
10000914:	00000000 	nop
10000918:	0800020d 	j	10000834 <kprintf+0x58>
1000091c:	26100002 	addiu	s0,s0,2
10000920:	8eb70000 	lw	s7,0(s5)
10000924:	00000000 	nop
10000928:	12e00030 	beqz	s7,100009ec <kprintf+0x210>
1000092c:	26b50004 	addiu	s5,s5,4
10000930:	82e40000 	lb	a0,0(s7)
10000934:	00000000 	nop
10000938:	1080ffe2 	beqz	a0,100008c4 <kprintf+0xe8>
1000093c:	26f70001 	addiu	s7,s7,1
10000940:	0c0000af 	jal	100002bc <putchar>
10000944:	26f70001 	addiu	s7,s7,1
10000948:	82e4ffff 	lb	a0,-1(s7)
1000094c:	00000000 	nop
10000950:	1480fffb 	bnez	a0,10000940 <kprintf+0x164>
10000954:	00000000 	nop
10000958:	0800020d 	j	10000834 <kprintf+0x58>
1000095c:	26100002 	addiu	s0,s0,2
10000960:	8ea40000 	lw	a0,0(s5)
10000964:	00000000 	nop
10000968:	1480001c 	bnez	a0,100009dc <kprintf+0x200>
1000096c:	26b50004 	addiu	s5,s5,4
10000970:	269727c8 	addiu	s7,s4,10184
10000974:	82e40000 	lb	a0,0(s7)
10000978:	00000000 	nop
1000097c:	1080ffd1 	beqz	a0,100008c4 <kprintf+0xe8>
10000980:	00000000 	nop
10000984:	0c0000af 	jal	100002bc <putchar>
10000988:	26f70001 	addiu	s7,s7,1
1000098c:	82e40000 	lb	a0,0(s7)
10000990:	00000000 	nop
10000994:	1480fffb 	bnez	a0,10000984 <kprintf+0x1a8>
10000998:	00000000 	nop
1000099c:	0800020d 	j	10000834 <kprintf+0x58>
100009a0:	26100002 	addiu	s0,s0,2
100009a4:	82a40003 	lb	a0,3(s5)
100009a8:	26100002 	addiu	s0,s0,2
100009ac:	0c0000af 	jal	100002bc <putchar>
100009b0:	26b50004 	addiu	s5,s5,4
100009b4:	0800020d 	j	10000834 <kprintf+0x58>
100009b8:	00000000 	nop
100009bc:	0c0000af 	jal	100002bc <putchar>
100009c0:	24040025 	li	a0,37
100009c4:	0800020d 	j	10000834 <kprintf+0x58>
100009c8:	26100002 	addiu	s0,s0,2
100009cc:	0c0001b5 	jal	100006d4 <kitoa.part.0>
100009d0:	24050010 	li	a1,16
100009d4:	0800023c 	j	100008f0 <kprintf+0x114>
100009d8:	0040b821 	move	s7,v0
100009dc:	0c0001b5 	jal	100006d4 <kitoa.part.0>
100009e0:	2405000a 	li	a1,10
100009e4:	0800025d 	j	10000974 <kprintf+0x198>
100009e8:	0040b821 	move	s7,v0
100009ec:	0800024c 	j	10000930 <kprintf+0x154>
100009f0:	26d727cc 	addiu	s7,s6,10188

100009f4 <app_main>:
100009f4:	27bdffe8 	addiu	sp,sp,-24
100009f8:	afbf0014 	sw	ra,20(sp)
100009fc:	0c000639 	jal	100018e4 <hf_cpuid>
10000a00:	00000000 	nop
10000a04:	1040000a 	beqz	v0,10000a30 <app_main+0x3c>
10000a08:	3c041000 	lui	a0,0x1000
10000a0c:	0c000639 	jal	100018e4 <hf_cpuid>
10000a10:	00000000 	nop
10000a14:	24030001 	li	v1,1
10000a18:	10430009 	beq	v0,v1,10000a40 <app_main+0x4c>
10000a1c:	3c041000 	lui	a0,0x1000
10000a20:	8fbf0014 	lw	ra,20(sp)
10000a24:	00000000 	nop
10000a28:	03e00008 	jr	ra
10000a2c:	27bd0018 	addiu	sp,sp,24
10000a30:	8fbf0014 	lw	ra,20(sp)
10000a34:	248428bc 	addiu	a0,a0,10428
10000a38:	08000393 	j	10000e4c <printf>
10000a3c:	27bd0018 	addiu	sp,sp,24
10000a40:	8fbf0014 	lw	ra,20(sp)
10000a44:	248428cc 	addiu	a0,a0,10444
10000a48:	08000393 	j	10000e4c <printf>
10000a4c:	27bd0018 	addiu	sp,sp,24

10000a50 <printchar>:
10000a50:	10800009 	beqz	a0,10000a78 <printchar+0x28>
10000a54:	00000000 	nop
10000a58:	8c820000 	lw	v0,0(a0)
10000a5c:	00000000 	nop
10000a60:	a0450000 	sb	a1,0(v0)
10000a64:	8c820000 	lw	v0,0(a0)
10000a68:	00000000 	nop
10000a6c:	24420001 	addiu	v0,v0,1
10000a70:	03e00008 	jr	ra
10000a74:	ac820000 	sw	v0,0(a0)
10000a78:	14a00003 	bnez	a1,10000a88 <printchar+0x38>
10000a7c:	00000000 	nop
10000a80:	03e00008 	jr	ra
10000a84:	00000000 	nop
10000a88:	080000af 	j	100002bc <putchar>
10000a8c:	00a02021 	move	a0,a1

10000a90 <vsprintf>:
10000a90:	27bdffb8 	addiu	sp,sp,-72
10000a94:	afbe0040 	sw	s8,64(sp)
10000a98:	afb10024 	sw	s1,36(sp)
10000a9c:	afb00020 	sw	s0,32(sp)
10000aa0:	afbf0044 	sw	ra,68(sp)
10000aa4:	afb7003c 	sw	s7,60(sp)
10000aa8:	afb60038 	sw	s6,56(sp)
10000aac:	afb50034 	sw	s5,52(sp)
10000ab0:	afb40030 	sw	s4,48(sp)
10000ab4:	afb3002c 	sw	s3,44(sp)
10000ab8:	afb20028 	sw	s2,40(sp)
10000abc:	00a08821 	move	s1,a1
10000ac0:	80a50000 	lb	a1,0(a1)
10000ac4:	00808021 	move	s0,a0
10000ac8:	10a00035 	beqz	a1,10000ba0 <vsprintf+0x110>
10000acc:	00c0f021 	move	s8,a2
10000ad0:	3c171000 	lui	s7,0x1000
10000ad4:	26f727b4 	addiu	s7,s7,10164
10000ad8:	24020025 	li	v0,37
10000adc:	14a2002a 	bne	a1,v0,10000b88 <vsprintf+0xf8>
10000ae0:	24030030 	li	v1,48
10000ae4:	82220001 	lb	v0,1(s1)
10000ae8:	00000000 	nop
10000aec:	104300a0 	beq	v0,v1,10000d70 <vsprintf+0x2e0>
10000af0:	24140030 	li	s4,48
10000af4:	26310001 	addiu	s1,s1,1
10000af8:	24140020 	li	s4,32
10000afc:	2443ffd0 	addiu	v1,v0,-48
10000b00:	306300ff 	andi	v1,v1,0xff
10000b04:	2c63000a 	sltiu	v1,v1,10
10000b08:	10600094 	beqz	v1,10000d5c <vsprintf+0x2cc>
10000b0c:	2403006c 	li	v1,108
10000b10:	00009821 	move	s3,zero
10000b14:	00131840 	sll	v1,s3,0x1
10000b18:	001398c0 	sll	s3,s3,0x3
10000b1c:	00739821 	addu	s3,v1,s3
10000b20:	26310001 	addiu	s1,s1,1
10000b24:	02629821 	addu	s3,s3,v0
10000b28:	82220000 	lb	v0,0(s1)
10000b2c:	00000000 	nop
10000b30:	2443ffd0 	addiu	v1,v0,-48
10000b34:	306300ff 	andi	v1,v1,0xff
10000b38:	2c63000a 	sltiu	v1,v1,10
10000b3c:	1460fff5 	bnez	v1,10000b14 <vsprintf+0x84>
10000b40:	2673ffd0 	addiu	s3,s3,-48
10000b44:	2403006c 	li	v1,108
10000b48:	10430086 	beq	v0,v1,10000d64 <vsprintf+0x2d4>
10000b4c:	00000000 	nop
10000b50:	2442ffa8 	addiu	v0,v0,-88
10000b54:	304200ff 	andi	v0,v0,0xff
10000b58:	2c430021 	sltiu	v1,v0,33
10000b5c:	1060000c 	beqz	v1,10000b90 <vsprintf+0x100>
10000b60:	3c031000 	lui	v1,0x1000
10000b64:	00021080 	sll	v0,v0,0x2
10000b68:	2463293c 	addiu	v1,v1,10556
10000b6c:	00621021 	addu	v0,v1,v0
10000b70:	8c420000 	lw	v0,0(v0)
10000b74:	00000000 	nop
10000b78:	00400008 	jr	v0
10000b7c:	00000000 	nop
10000b80:	83c50003 	lb	a1,3(s8)
10000b84:	27de0004 	addiu	s8,s8,4
10000b88:	0c000294 	jal	10000a50 <printchar>
10000b8c:	02002021 	move	a0,s0
10000b90:	82250001 	lb	a1,1(s1)
10000b94:	00000000 	nop
10000b98:	14a0ffcf 	bnez	a1,10000ad8 <vsprintf+0x48>
10000b9c:	26310001 	addiu	s1,s1,1
10000ba0:	02002021 	move	a0,s0
10000ba4:	0c000294 	jal	10000a50 <printchar>
10000ba8:	00002821 	move	a1,zero
10000bac:	8fbf0044 	lw	ra,68(sp)
10000bb0:	00001021 	move	v0,zero
10000bb4:	8fbe0040 	lw	s8,64(sp)
10000bb8:	8fb7003c 	lw	s7,60(sp)
10000bbc:	8fb60038 	lw	s6,56(sp)
10000bc0:	8fb50034 	lw	s5,52(sp)
10000bc4:	8fb40030 	lw	s4,48(sp)
10000bc8:	8fb3002c 	lw	s3,44(sp)
10000bcc:	8fb20028 	lw	s2,40(sp)
10000bd0:	8fb10024 	lw	s1,36(sp)
10000bd4:	8fb00020 	lw	s0,32(sp)
10000bd8:	03e00008 	jr	ra
10000bdc:	27bd0048 	addiu	sp,sp,72
10000be0:	2403000a 	li	v1,10
10000be4:	8fd20000 	lw	s2,0(s8)
10000be8:	00000000 	nop
10000bec:	1640004b 	bnez	s2,10000d1c <vsprintf+0x28c>
10000bf0:	27d50004 	addiu	s5,s8,4
10000bf4:	24020030 	li	v0,48
10000bf8:	a3a20010 	sb	v0,16(sp)
10000bfc:	02a0f021 	move	s8,s5
10000c00:	00009021 	move	s2,zero
10000c04:	24020001 	li	v0,1
10000c08:	27b60010 	addiu	s6,sp,16
10000c0c:	02629823 	subu	s3,s3,v0
10000c10:	1a600008 	blez	s3,10000c34 <vsprintf+0x1a4>
10000c14:	2673ffff 	addiu	s3,s3,-1
10000c18:	2415ffff 	li	s5,-1
10000c1c:	2673ffff 	addiu	s3,s3,-1
10000c20:	02002021 	move	a0,s0
10000c24:	0c000294 	jal	10000a50 <printchar>
10000c28:	02802821 	move	a1,s4
10000c2c:	1675fffc 	bne	s3,s5,10000c20 <vsprintf+0x190>
10000c30:	2673ffff 	addiu	s3,s3,-1
10000c34:	24130001 	li	s3,1
10000c38:	02d29021 	addu	s2,s6,s2
10000c3c:	02769823 	subu	s3,s3,s6
10000c40:	82450000 	lb	a1,0(s2)
10000c44:	02002021 	move	a0,s0
10000c48:	0c000294 	jal	10000a50 <printchar>
10000c4c:	2652ffff 	addiu	s2,s2,-1
10000c50:	02721021 	addu	v0,s3,s2
10000c54:	1c40fffa 	bgtz	v0,10000c40 <vsprintf+0x1b0>
10000c58:	00000000 	nop
10000c5c:	82250001 	lb	a1,1(s1)
10000c60:	00000000 	nop
10000c64:	14a0ff9c 	bnez	a1,10000ad8 <vsprintf+0x48>
10000c68:	26310001 	addiu	s1,s1,1
10000c6c:	080002e9 	j	10000ba4 <vsprintf+0x114>
10000c70:	02002021 	move	a0,s0
10000c74:	8fd20000 	lw	s2,0(s8)
10000c78:	00000000 	nop
10000c7c:	12400047 	beqz	s2,10000d9c <vsprintf+0x30c>
10000c80:	27de0004 	addiu	s8,s8,4
10000c84:	82450000 	lb	a1,0(s2)
10000c88:	00000000 	nop
10000c8c:	10a0000d 	beqz	a1,10000cc4 <vsprintf+0x234>
10000c90:	00000000 	nop
10000c94:	1260ffbe 	beqz	s3,10000b90 <vsprintf+0x100>
10000c98:	26520001 	addiu	s2,s2,1
10000c9c:	0800032b 	j	10000cac <vsprintf+0x21c>
10000ca0:	00000000 	nop
10000ca4:	1260ffba 	beqz	s3,10000b90 <vsprintf+0x100>
10000ca8:	26520001 	addiu	s2,s2,1
10000cac:	0c000294 	jal	10000a50 <printchar>
10000cb0:	02002021 	move	a0,s0
10000cb4:	82450000 	lb	a1,0(s2)
10000cb8:	00000000 	nop
10000cbc:	14a0fff9 	bnez	a1,10000ca4 <vsprintf+0x214>
10000cc0:	2673ffff 	addiu	s3,s3,-1
10000cc4:	1a60ffb2 	blez	s3,10000b90 <vsprintf+0x100>
10000cc8:	2673ffff 	addiu	s3,s3,-1
10000ccc:	2412ffff 	li	s2,-1
10000cd0:	2673ffff 	addiu	s3,s3,-1
10000cd4:	02002021 	move	a0,s0
10000cd8:	0c000294 	jal	10000a50 <printchar>
10000cdc:	02802821 	move	a1,s4
10000ce0:	1672fffc 	bne	s3,s2,10000cd4 <vsprintf+0x244>
10000ce4:	2673ffff 	addiu	s3,s3,-1
10000ce8:	26730001 	addiu	s3,s3,1
10000cec:	82250001 	lb	a1,1(s1)
10000cf0:	00000000 	nop
10000cf4:	14a0ff78 	bnez	a1,10000ad8 <vsprintf+0x48>
10000cf8:	26310001 	addiu	s1,s1,1
10000cfc:	080002e9 	j	10000ba4 <vsprintf+0x114>
10000d00:	02002021 	move	a0,s0
10000d04:	8fd20000 	lw	s2,0(s8)
10000d08:	00000000 	nop
10000d0c:	0640001b 	bltz	s2,10000d7c <vsprintf+0x2ec>
10000d10:	27d50004 	addiu	s5,s8,4
10000d14:	1240ffb7 	beqz	s2,10000bf4 <vsprintf+0x164>
10000d18:	2403000a 	li	v1,10
10000d1c:	02a0f021 	move	s8,s5
10000d20:	00001021 	move	v0,zero
10000d24:	27b60010 	addiu	s6,sp,16
10000d28:	0243001b 	divu	zero,s2,v1
10000d2c:	02c22821 	addu	a1,s6,v0
10000d30:	24420001 	addiu	v0,v0,1
10000d34:	00002010 	mfhi	a0
10000d38:	02e42021 	addu	a0,s7,a0
10000d3c:	90840000 	lbu	a0,0(a0)
10000d40:	00009012 	mflo	s2
10000d44:	1640fff8 	bnez	s2,10000d28 <vsprintf+0x298>
10000d48:	a0a40000 	sb	a0,0(a1)
10000d4c:	08000303 	j	10000c0c <vsprintf+0x17c>
10000d50:	2452ffff 	addiu	s2,v0,-1
10000d54:	080002f9 	j	10000be4 <vsprintf+0x154>
10000d58:	24030010 	li	v1,16
10000d5c:	1443ff7c 	bne	v0,v1,10000b50 <vsprintf+0xc0>
10000d60:	2413ffff 	li	s3,-1
10000d64:	82220001 	lb	v0,1(s1)
10000d68:	080002d4 	j	10000b50 <vsprintf+0xc0>
10000d6c:	26310001 	addiu	s1,s1,1
10000d70:	82220002 	lb	v0,2(s1)
10000d74:	080002bf 	j	10000afc <vsprintf+0x6c>
10000d78:	26310002 	addiu	s1,s1,2
10000d7c:	02002021 	move	a0,s0
10000d80:	0c000294 	jal	10000a50 <printchar>
10000d84:	2405002d 	li	a1,45
10000d88:	00129023 	negu	s2,s2
10000d8c:	2673ffff 	addiu	s3,s3,-1
10000d90:	02a0f021 	move	s8,s5
10000d94:	08000348 	j	10000d20 <vsprintf+0x290>
10000d98:	2403000a 	li	v1,10
10000d9c:	3c021000 	lui	v0,0x1000
10000da0:	08000321 	j	10000c84 <vsprintf+0x1f4>
10000da4:	245228d8 	addiu	s2,v0,10456

10000da8 <strncpy>:
10000da8:	18c0000f 	blez	a2,10000de8 <strncpy+0x40>
10000dac:	00801021 	move	v0,a0
10000db0:	80a40000 	lb	a0,0(a1)
10000db4:	24430001 	addiu	v1,v0,1
10000db8:	10800018 	beqz	a0,10000e1c <strncpy+0x74>
10000dbc:	a0440000 	sb	a0,0(v0)
10000dc0:	08000377 	j	10000ddc <strncpy+0x34>
10000dc4:	00002021 	move	a0,zero
10000dc8:	80e70000 	lb	a3,0(a3)
10000dcc:	00000000 	nop
10000dd0:	a0670000 	sb	a3,0(v1)
10000dd4:	10e00006 	beqz	a3,10000df0 <strncpy+0x48>
10000dd8:	24630001 	addiu	v1,v1,1
10000ddc:	24840001 	addiu	a0,a0,1
10000de0:	1486fff9 	bne	a0,a2,10000dc8 <strncpy+0x20>
10000de4:	00a43821 	addu	a3,a1,a0
10000de8:	03e00008 	jr	ra
10000dec:	00000000 	nop
10000df0:	24840001 	addiu	a0,a0,1
10000df4:	0086282a 	slt	a1,a0,a2
10000df8:	10a0fffb 	beqz	a1,10000de8 <strncpy+0x40>
10000dfc:	00663021 	addu	a2,v1,a2
10000e00:	00c42023 	subu	a0,a2,a0
10000e04:	a0600000 	sb	zero,0(v1)
10000e08:	24630001 	addiu	v1,v1,1
10000e0c:	1464fffd 	bne	v1,a0,10000e04 <strncpy+0x5c>
10000e10:	00000000 	nop
10000e14:	03e00008 	jr	ra
10000e18:	00000000 	nop
10000e1c:	0800037d 	j	10000df4 <strncpy+0x4c>
10000e20:	24040001 	li	a0,1

10000e24 <memset>:
10000e24:	10c00007 	beqz	a2,10000e44 <memset+0x20>
10000e28:	00801021 	move	v0,a0
10000e2c:	30a500ff 	andi	a1,a1,0xff
10000e30:	00801821 	move	v1,a0
10000e34:	24c6ffff 	addiu	a2,a2,-1
10000e38:	a0650000 	sb	a1,0(v1)
10000e3c:	14c0fffd 	bnez	a2,10000e34 <memset+0x10>
10000e40:	24630001 	addiu	v1,v1,1
10000e44:	03e00008 	jr	ra
10000e48:	00000000 	nop

10000e4c <printf>:
10000e4c:	27bdffe0 	addiu	sp,sp,-32
10000e50:	27a20024 	addiu	v0,sp,36
10000e54:	00801821 	move	v1,a0
10000e58:	afa50024 	sw	a1,36(sp)
10000e5c:	afa60028 	sw	a2,40(sp)
10000e60:	00002021 	move	a0,zero
10000e64:	00602821 	move	a1,v1
10000e68:	00403021 	move	a2,v0
10000e6c:	afbf001c 	sw	ra,28(sp)
10000e70:	afa7002c 	sw	a3,44(sp)
10000e74:	0c0002a4 	jal	10000a90 <vsprintf>
10000e78:	afa20010 	sw	v0,16(sp)
10000e7c:	8fbf001c 	lw	ra,28(sp)
10000e80:	00000000 	nop
10000e84:	03e00008 	jr	ra
10000e88:	27bd0020 	addiu	sp,sp,32

10000e8c <__udivmoddi4>:
10000e8c:	27bdfff8 	addiu	sp,sp,-8
10000e90:	00c71025 	or	v0,a2,a3
10000e94:	afb10004 	sw	s1,4(sp)
10000e98:	afb00000 	sw	s0,0(sp)
10000e9c:	8fb80018 	lw	t8,24(sp)
10000ea0:	10400035 	beqz	v0,10000f78 <__udivmoddi4+0xec>
10000ea4:	24090001 	li	t1,1
10000ea8:	04c0000e 	bltz	a2,10000ee4 <__udivmoddi4+0x58>
10000eac:	00004021 	move	t0,zero
10000eb0:	00075fc2 	srl	t3,a3,0x1f
10000eb4:	00063040 	sll	a2,a2,0x1
10000eb8:	000957c2 	srl	t2,t1,0x1f
10000ebc:	00081840 	sll	v1,t0,0x1
10000ec0:	00091040 	sll	v0,t1,0x1
10000ec4:	01663025 	or	a2,t3,a2
10000ec8:	01434025 	or	t0,t2,v1
10000ecc:	00073840 	sll	a3,a3,0x1
10000ed0:	04c1fff7 	bgez	a2,10000eb0 <__udivmoddi4+0x24>
10000ed4:	00404821 	move	t1,v0
10000ed8:	00481025 	or	v0,v0,t0
10000edc:	1040002c 	beqz	v0,10000f90 <__udivmoddi4+0x104>
10000ee0:	00001821 	move	v1,zero
10000ee4:	00001821 	move	v1,zero
10000ee8:	00001021 	move	v0,zero
10000eec:	0086782b 	sltu	t7,a0,a2
10000ef0:	00087042 	srl	t6,t0,0x1
10000ef4:	00086fc0 	sll	t5,t0,0x1f
10000ef8:	00095042 	srl	t2,t1,0x1
10000efc:	000667c0 	sll	t4,a2,0x1f
10000f00:	15e0000f 	bnez	t7,10000f40 <__udivmoddi4+0xb4>
10000f04:	00075842 	srl	t3,a3,0x1
10000f08:	00a77823 	subu	t7,a1,a3
10000f0c:	00694821 	addu	t1,v1,t1
10000f10:	00484021 	addu	t0,v0,t0
10000f14:	0123882b 	sltu	s1,t1,v1
10000f18:	00afc82b 	sltu	t9,a1,t7
10000f1c:	00868023 	subu	s0,a0,a2
10000f20:	14c40003 	bne	a2,a0,10000f30 <__udivmoddi4+0xa4>
10000f24:	00a7382b 	sltu	a3,a1,a3
10000f28:	14e00005 	bnez	a3,10000f40 <__udivmoddi4+0xb4>
10000f2c:	00000000 	nop
10000f30:	02281021 	addu	v0,s1,t0
10000f34:	02192023 	subu	a0,s0,t9
10000f38:	01e02821 	move	a1,t7
10000f3c:	01201821 	move	v1,t1
10000f40:	01aa4825 	or	t1,t5,t2
10000f44:	01c95025 	or	t2,t6,t1
10000f48:	01c04021 	move	t0,t6
10000f4c:	00063042 	srl	a2,a2,0x1
10000f50:	1540ffe6 	bnez	t2,10000eec <__udivmoddi4+0x60>
10000f54:	018b3825 	or	a3,t4,t3
10000f58:	13000003 	beqz	t8,10000f68 <__udivmoddi4+0xdc>
10000f5c:	00000000 	nop
10000f60:	af040000 	sw	a0,0(t8)
10000f64:	af050004 	sw	a1,4(t8)
10000f68:	8fb10004 	lw	s1,4(sp)
10000f6c:	8fb00000 	lw	s0,0(sp)
10000f70:	03e00008 	jr	ra
10000f74:	27bd0008 	addiu	sp,sp,8
10000f78:	24030001 	li	v1,1
10000f7c:	00001021 	move	v0,zero
10000f80:	8fb10004 	lw	s1,4(sp)
10000f84:	8fb00000 	lw	s0,0(sp)
10000f88:	03e00008 	jr	ra
10000f8c:	27bd0008 	addiu	sp,sp,8
10000f90:	080003d6 	j	10000f58 <__udivmoddi4+0xcc>
10000f94:	00001021 	move	v0,zero

10000f98 <__udivdi3>:
10000f98:	27bdffe0 	addiu	sp,sp,-32
10000f9c:	afbf001c 	sw	ra,28(sp)
10000fa0:	0c0003a3 	jal	10000e8c <__udivmoddi4>
10000fa4:	afa00010 	sw	zero,16(sp)
10000fa8:	8fbf001c 	lw	ra,28(sp)
10000fac:	00000000 	nop
10000fb0:	03e00008 	jr	ra
10000fb4:	27bd0020 	addiu	sp,sp,32

10000fb8 <main>:
10000fb8:	27bdffd0 	addiu	sp,sp,-48
10000fbc:	afbf002c 	sw	ra,44(sp)
10000fc0:	afb40028 	sw	s4,40(sp)
10000fc4:	afb30024 	sw	s3,36(sp)
10000fc8:	afb20020 	sw	s2,32(sp)
10000fcc:	afb1001c 	sw	s1,28(sp)
10000fd0:	0c0000b3 	jal	100002cc <_hardware_init>
10000fd4:	afb00018 	sw	s0,24(sp)
10000fd8:	0c0006a5 	jal	10001a94 <hf_schedlock>
10000fdc:	24040001 	li	a0,1
10000fe0:	0c00007b 	jal	100001ec <_interrupt_set>
10000fe4:	00002021 	move	a0,zero
10000fe8:	3c041000 	lui	a0,0x1000
10000fec:	0c0001f7 	jal	100007dc <kprintf>
10000ff0:	248429c0 	addiu	a0,a0,10688
10000ff4:	3c021000 	lui	v0,0x1000
10000ff8:	3c03baad 	lui	v1,0xbaad
10000ffc:	8c443104 	lw	a0,12548(v0)
10001000:	3463d00d 	ori	v1,v1,0xd00d
10001004:	1083000c 	beq	a0,v1,10001038 <main+0x80>
10001008:	3c041000 	lui	a0,0x1000
1000100c:	0c00063b 	jal	100018ec <panic>
10001010:	24040001 	li	a0,1
10001014:	8fbf002c 	lw	ra,44(sp)
10001018:	00001021 	move	v0,zero
1000101c:	8fb40028 	lw	s4,40(sp)
10001020:	8fb30024 	lw	s3,36(sp)
10001024:	8fb20020 	lw	s2,32(sp)
10001028:	8fb1001c 	lw	s1,28(sp)
1000102c:	8fb00018 	lw	s0,24(sp)
10001030:	03e00008 	jr	ra
10001034:	27bd0030 	addiu	sp,sp,48
10001038:	248429d4 	addiu	a0,a0,10708
1000103c:	0c0001f7 	jal	100007dc <kprintf>
10001040:	ac403104 	sw	zero,12548(v0)
10001044:	3c061000 	lui	a2,0x1000
10001048:	3c071000 	lui	a3,0x1000
1000104c:	3c051000 	lui	a1,0x1000
10001050:	3c041000 	lui	a0,0x1000
10001054:	3c021000 	lui	v0,0x1000
10001058:	24c62a40 	addiu	a2,a2,10816
1000105c:	24e72a48 	addiu	a3,a3,10824
10001060:	24a52a34 	addiu	a1,a1,10804
10001064:	24842a14 	addiu	a0,a0,10772
10001068:	24422a54 	addiu	v0,v0,10836
1000106c:	0c0001f7 	jal	100007dc <kprintf>
10001070:	afa20010 	sw	v0,16(sp)
10001074:	3c041000 	lui	a0,0x1000
10001078:	0c0001f7 	jal	100007dc <kprintf>
1000107c:	24842a60 	addiu	a0,a0,10848
10001080:	3c041000 	lui	a0,0x1000
10001084:	0c0001f7 	jal	100007dc <kprintf>
10001088:	24842a98 	addiu	a0,a0,10904
1000108c:	3c041000 	lui	a0,0x1000
10001090:	3c051000 	lui	a1,0x1000
10001094:	24842ad8 	addiu	a0,a0,10968
10001098:	0c0001f7 	jal	100007dc <kprintf>
1000109c:	24a52aec 	addiu	a1,a1,10988
100010a0:	3c041000 	lui	a0,0x1000
100010a4:	24842af8 	addiu	a0,a0,11000
100010a8:	0c0001f7 	jal	100007dc <kprintf>
100010ac:	240561a8 	li	a1,25000
100010b0:	3c041000 	lui	a0,0x1000
100010b4:	24842b10 	addiu	a0,a0,11024
100010b8:	0c0001f7 	jal	100007dc <kprintf>
100010bc:	240528f0 	li	a1,10480
100010c0:	3c041000 	lui	a0,0x1000
100010c4:	3c050007 	lui	a1,0x7
100010c8:	24842b28 	addiu	a0,a0,11048
100010cc:	0c0001f7 	jal	100007dc <kprintf>
100010d0:	34a5a120 	ori	a1,a1,0xa120
100010d4:	3c041000 	lui	a0,0x1000
100010d8:	24842b44 	addiu	a0,a0,11076
100010dc:	2405001e 	li	a1,30
100010e0:	0c0001f7 	jal	100007dc <kprintf>
100010e4:	3c141000 	lui	s4,0x1000
100010e8:	0c0000c1 	jal	10000304 <_vm_init>
100010ec:	00008021 	move	s0,zero
100010f0:	269431cc 	addiu	s4,s4,12748
100010f4:	3c111008 	lui	s1,0x1008
100010f8:	2413ffff 	li	s3,-1
100010fc:	2412001e 	li	s2,30
10001100:	00101880 	sll	v1,s0,0x2
10001104:	00101100 	sll	v0,s0,0x4
10001108:	00621021 	addu	v0,v1,v0
1000110c:	00501023 	subu	v0,v0,s0
10001110:	000210c0 	sll	v0,v0,0x3
10001114:	02821021 	addu	v0,s4,v0
10001118:	24440002 	addiu	a0,v0,2
1000111c:	00002821 	move	a1,zero
10001120:	24060014 	li	a2,20
10001124:	a4530000 	sh	s3,0(v0)
10001128:	0c000389 	jal	10000e24 <memset>
1000112c:	ae22e58c 	sw	v0,-6772(s1)
10001130:	8e22e58c 	lw	v0,-6772(s1)
10001134:	26100001 	addiu	s0,s0,1
10001138:	a0400016 	sb	zero,22(v0)
1000113c:	a0400017 	sb	zero,23(v0)
10001140:	a0400018 	sb	zero,24(v0)
10001144:	ac40001c 	sw	zero,28(v0)
10001148:	ac400020 	sw	zero,32(v0)
1000114c:	ac400024 	sw	zero,36(v0)
10001150:	ac400028 	sw	zero,40(v0)
10001154:	a440002c 	sh	zero,44(v0)
10001158:	a440002e 	sh	zero,46(v0)
1000115c:	a4400030 	sh	zero,48(v0)
10001160:	a4400032 	sh	zero,50(v0)
10001164:	a4400034 	sh	zero,52(v0)
10001168:	ac400088 	sw	zero,136(v0)
1000116c:	ac40008c 	sw	zero,140(v0)
10001170:	ac400090 	sw	zero,144(v0)
10001174:	1612ffe2 	bne	s0,s2,10001100 <main+0x148>
10001178:	ac400094 	sw	zero,148(v0)
1000117c:	3c051008 	lui	a1,0x1008
10001180:	a4a0e594 	sh	zero,-6764(a1)
10001184:	3c051008 	lui	a1,0x1008
10001188:	a4a0e588 	sh	zero,-6776(a1)
1000118c:	3c051008 	lui	a1,0x1008
10001190:	a4a0e5a4 	sh	zero,-6748(a1)
10001194:	3c051000 	lui	a1,0x1000
10001198:	3c031008 	lui	v1,0x1008
1000119c:	24a521a0 	addiu	a1,a1,8608
100011a0:	2462e4bc 	addiu	v0,v1,-6980
100011a4:	ac65e4bc 	sw	a1,-6980(v1)
100011a8:	3c031000 	lui	v1,0x1000
100011ac:	24632048 	addiu	v1,v1,8264
100011b0:	ac430004 	sw	v1,4(v0)
100011b4:	2404001e 	li	a0,30
100011b8:	ac400008 	sw	zero,8(v0)
100011bc:	ac40000c 	sw	zero,12(v0)
100011c0:	ac400010 	sw	zero,16(v0)
100011c4:	0c0006a9 	jal	10001aa4 <hf_queue_create>
100011c8:	ac400014 	sw	zero,20(v0)
100011cc:	3c031008 	lui	v1,0x1008
100011d0:	1040001f 	beqz	v0,10001250 <main+0x298>
100011d4:	ac62e59c 	sw	v0,-6756(v1)
100011d8:	0c0006a9 	jal	10001aa4 <hf_queue_create>
100011dc:	2404001e 	li	a0,30
100011e0:	3c031008 	lui	v1,0x1008
100011e4:	1040001e 	beqz	v0,10001260 <main+0x2a8>
100011e8:	ac62e5a8 	sw	v0,-6744(v1)
100011ec:	0c0006a9 	jal	10001aa4 <hf_queue_create>
100011f0:	2404001e 	li	a0,30
100011f4:	3c031008 	lui	v1,0x1008
100011f8:	10400011 	beqz	v0,10001240 <main+0x288>
100011fc:	ac62e5a0 	sw	v0,-6752(v1)
10001200:	0c0000cd 	jal	10000334 <_sched_init>
10001204:	00000000 	nop
10001208:	0c0000d0 	jal	10000340 <_timer_init>
1000120c:	00000000 	nop
10001210:	0c000162 	jal	10000588 <_timer_reset>
10001214:	00000000 	nop
10001218:	0c0000e5 	jal	10000394 <_irq_init>
1000121c:	00000000 	nop
10001220:	0c0000e8 	jal	100003a0 <_device_init>
10001224:	00000000 	nop
10001228:	0c0000f0 	jal	100003c0 <_task_init>
1000122c:	00000000 	nop
10001230:	0c00063b 	jal	100018ec <panic>
10001234:	00002021 	move	a0,zero
10001238:	08000405 	j	10001014 <main+0x5c>
1000123c:	00000000 	nop
10001240:	0c00063b 	jal	100018ec <panic>
10001244:	24040004 	li	a0,4
10001248:	08000480 	j	10001200 <main+0x248>
1000124c:	00000000 	nop
10001250:	0c00063b 	jal	100018ec <panic>
10001254:	24040004 	li	a0,4
10001258:	08000476 	j	100011d8 <main+0x220>
1000125c:	00000000 	nop
10001260:	0c00063b 	jal	100018ec <panic>
10001264:	24040004 	li	a0,4
10001268:	0800047b 	j	100011ec <main+0x234>
1000126c:	00000000 	nop

10001270 <hf_free>:
10001270:	27bdffe0 	addiu	sp,sp,-32
10001274:	afb00014 	sw	s0,20(sp)
10001278:	3c101000 	lui	s0,0x1000
1000127c:	afb10018 	sw	s1,24(sp)
10001280:	00808821 	move	s1,a0
10001284:	afbf001c 	sw	ra,28(sp)
10001288:	0c000520 	jal	10001480 <hf_mtxlock>
1000128c:	260431c8 	addiu	a0,s0,12744
10001290:	8e25fffc 	lw	a1,-4(s1)
10001294:	3c021008 	lui	v0,0x1008
10001298:	8c43e598 	lw	v1,-6760(v0)
1000129c:	2404fffe 	li	a0,-2
100012a0:	00a42024 	and	a0,a1,a0
100012a4:	3c051008 	lui	a1,0x1008
100012a8:	8ca6e5b0 	lw	a2,-6736(a1)
100012ac:	24630008 	addiu	v1,v1,8
100012b0:	ae24fffc 	sw	a0,-4(s1)
100012b4:	00641821 	addu	v1,v1,a0
100012b8:	3c051008 	lui	a1,0x1008
100012bc:	260431c8 	addiu	a0,s0,12744
100012c0:	8fbf001c 	lw	ra,28(sp)
100012c4:	8fb10018 	lw	s1,24(sp)
100012c8:	8fb00014 	lw	s0,20(sp)
100012cc:	27bd0020 	addiu	sp,sp,32
100012d0:	aca6e5ac 	sw	a2,-6740(a1)
100012d4:	08000539 	j	100014e4 <hf_mtxunlock>
100012d8:	ac43e598 	sw	v1,-6760(v0)

100012dc <hf_malloc>:
100012dc:	27bdffe0 	addiu	sp,sp,-32
100012e0:	afb20018 	sw	s2,24(sp)
100012e4:	3c121000 	lui	s2,0x1000
100012e8:	afb10014 	sw	s1,20(sp)
100012ec:	2402fffc 	li	v0,-4
100012f0:	24910003 	addiu	s1,a0,3
100012f4:	264431c8 	addiu	a0,s2,12744
100012f8:	afb00010 	sw	s0,16(sp)
100012fc:	afbf001c 	sw	ra,28(sp)
10001300:	0c000520 	jal	10001480 <hf_mtxlock>
10001304:	02228824 	and	s1,s1,v0
10001308:	3c071008 	lui	a3,0x1008
1000130c:	8ce3e5ac 	lw	v1,-6740(a3)
10001310:	2406fff8 	li	a2,-8
10001314:	00608021 	move	s0,v1
10001318:	26250008 	addiu	a1,s1,8
1000131c:	8c640000 	lw	a0,0(v1)
10001320:	00000000 	nop
10001324:	1080003a 	beqz	a0,10001410 <hf_malloc+0x134>
10001328:	00000000 	nop
1000132c:	8c620004 	lw	v0,4(v1)
10001330:	00000000 	nop
10001334:	30420001 	andi	v0,v0,0x1
10001338:	1040000a 	beqz	v0,10001364 <hf_malloc+0x88>
1000133c:	00000000 	nop
10001340:	080004d4 	j	10001350 <hf_malloc+0x74>
10001344:	00801821 	move	v1,a0
10001348:	8c630000 	lw	v1,0(v1)
1000134c:	00000000 	nop
10001350:	8c620004 	lw	v0,4(v1)
10001354:	00000000 	nop
10001358:	30420001 	andi	v0,v0,0x1
1000135c:	1440fffa 	bnez	v0,10001348 <hf_malloc+0x6c>
10001360:	00608021 	move	s0,v1
10001364:	1440000b 	bnez	v0,10001394 <hf_malloc+0xb8>
10001368:	00d01023 	subu	v0,a2,s0
1000136c:	8c640000 	lw	a0,0(v1)
10001370:	00000000 	nop
10001374:	10800007 	beqz	a0,10001394 <hf_malloc+0xb8>
10001378:	00d01023 	subu	v0,a2,s0
1000137c:	8c820004 	lw	v0,4(a0)
10001380:	00000000 	nop
10001384:	30420001 	andi	v0,v0,0x1
10001388:	1040fff8 	beqz	v0,1000136c <hf_malloc+0x90>
1000138c:	00801821 	move	v1,a0
10001390:	00d01023 	subu	v0,a2,s0
10001394:	00621021 	addu	v0,v1,v0
10001398:	0045202b 	sltu	a0,v0,a1
1000139c:	ae020004 	sw	v0,4(s0)
100013a0:	1480ffde 	bnez	a0,1000131c <hf_malloc+0x40>
100013a4:	ae030000 	sw	v1,0(s0)
100013a8:	3c021008 	lui	v0,0x1008
100013ac:	8c48e598 	lw	t0,-6760(v0)
100013b0:	36240001 	ori	a0,s1,0x1
100013b4:	2409fff8 	li	t1,-8
100013b8:	2406fffe 	li	a2,-2
100013bc:	01314823 	subu	t1,t1,s1
100013c0:	00863024 	and	a2,a0,a2
100013c4:	02052821 	addu	a1,s0,a1
100013c8:	01263021 	addu	a2,t1,a2
100013cc:	2508fff8 	addiu	t0,t0,-8
100013d0:	acf0e5ac 	sw	s0,-6740(a3)
100013d4:	ae040004 	sw	a0,4(s0)
100013d8:	ae050000 	sw	a1,0(s0)
100013dc:	01118823 	subu	s1,t0,s1
100013e0:	aca30000 	sw	v1,0(a1)
100013e4:	aca60004 	sw	a2,4(a1)
100013e8:	264431c8 	addiu	a0,s2,12744
100013ec:	0c000539 	jal	100014e4 <hf_mtxunlock>
100013f0:	ac51e598 	sw	s1,-6760(v0)
100013f4:	26020008 	addiu	v0,s0,8
100013f8:	8fbf001c 	lw	ra,28(sp)
100013fc:	8fb20018 	lw	s2,24(sp)
10001400:	8fb10014 	lw	s1,20(sp)
10001404:	8fb00010 	lw	s0,16(sp)
10001408:	03e00008 	jr	ra
1000140c:	27bd0020 	addiu	sp,sp,32
10001410:	0c000539 	jal	100014e4 <hf_mtxunlock>
10001414:	264431c8 	addiu	a0,s2,12744
10001418:	080004fe 	j	100013f8 <hf_malloc+0x11c>
1000141c:	00001021 	move	v0,zero

10001420 <heapinit>:
10001420:	00801021 	move	v0,a0
10001424:	2403fffc 	li	v1,-4
10001428:	24a40003 	addiu	a0,a1,3
1000142c:	00831824 	and	v1,a0,v1
10001430:	00452821 	addu	a1,v0,a1
10001434:	24a4fff8 	addiu	a0,a1,-8
10001438:	2463fff0 	addiu	v1,v1,-16
1000143c:	ac440000 	sw	a0,0(v0)
10001440:	ac430004 	sw	v1,4(v0)
10001444:	aca0fff8 	sw	zero,-8(a1)
10001448:	aca0fffc 	sw	zero,-4(a1)
1000144c:	3c051008 	lui	a1,0x1008
10001450:	8c430004 	lw	v1,4(v0)
10001454:	aca2e5b0 	sw	v0,-6736(a1)
10001458:	3c041000 	lui	a0,0x1000
1000145c:	3c051008 	lui	a1,0x1008
10001460:	aca2e5ac 	sw	v0,-6740(a1)
10001464:	248431c8 	addiu	a0,a0,12744
10001468:	3c021008 	lui	v0,0x1008
1000146c:	0800051d 	j	10001474 <hf_mtxinit>
10001470:	ac43e598 	sw	v1,-6760(v0)

10001474 <hf_mtxinit>:
10001474:	ac800000 	sw	zero,0(a0)
10001478:	03e00008 	jr	ra
1000147c:	00000000 	nop

10001480 <hf_mtxlock>:
10001480:	27bdffd8 	addiu	sp,sp,-40
10001484:	afb10020 	sw	s1,32(sp)
10001488:	afb0001c 	sw	s0,28(sp)
1000148c:	afbf0024 	sw	ra,36(sp)
10001490:	00808821 	move	s1,a0
10001494:	24100001 	li	s0,1
10001498:	0c00007b 	jal	100001ec <_interrupt_set>
1000149c:	00002021 	move	a0,zero
100014a0:	afa20014 	sw	v0,20(sp)
100014a4:	8e220000 	lw	v0,0(s1)
100014a8:	00000000 	nop
100014ac:	afa20010 	sw	v0,16(sp)
100014b0:	ae300000 	sw	s0,0(s1)
100014b4:	8fa40014 	lw	a0,20(sp)
100014b8:	0c00007b 	jal	100001ec <_interrupt_set>
100014bc:	00000000 	nop
100014c0:	8fa20010 	lw	v0,16(sp)
100014c4:	00000000 	nop
100014c8:	1050fff3 	beq	v0,s0,10001498 <hf_mtxlock+0x18>
100014cc:	00000000 	nop
100014d0:	8fbf0024 	lw	ra,36(sp)
100014d4:	8fb10020 	lw	s1,32(sp)
100014d8:	8fb0001c 	lw	s0,28(sp)
100014dc:	03e00008 	jr	ra
100014e0:	27bd0028 	addiu	sp,sp,40

100014e4 <hf_mtxunlock>:
100014e4:	ac800000 	sw	zero,0(a0)
100014e8:	03e00008 	jr	ra
100014ec:	00000000 	nop

100014f0 <_ni_status>:
100014f0:	3c022000 	lui	v0,0x2000
100014f4:	8c420090 	lw	v0,144(v0)
100014f8:	03e00008 	jr	ra
100014fc:	3042ffff 	andi	v0,v0,0xffff

10001500 <_ni_read>:
10001500:	3c022000 	lui	v0,0x2000
10001504:	8c420070 	lw	v0,112(v0)
10001508:	03e00008 	jr	ra
1000150c:	3042ffff 	andi	v0,v0,0xffff

10001510 <ni_ready>:
10001510:	27bdffe8 	addiu	sp,sp,-24
10001514:	afbf0014 	sw	ra,20(sp)
10001518:	0c00053c 	jal	100014f0 <_ni_status>
1000151c:	00000000 	nop
10001520:	8fbf0014 	lw	ra,20(sp)
10001524:	30420001 	andi	v0,v0,0x1
10001528:	03e00008 	jr	ra
1000152c:	27bd0018 	addiu	sp,sp,24

10001530 <ni_flush>:
10001530:	27bdffe0 	addiu	sp,sp,-32
10001534:	afb00010 	sw	s0,16(sp)
10001538:	3090ffff 	andi	s0,a0,0xffff
1000153c:	00002021 	move	a0,zero
10001540:	afb20018 	sw	s2,24(sp)
10001544:	afbf001c 	sw	ra,28(sp)
10001548:	0c00007b 	jal	100001ec <_interrupt_set>
1000154c:	afb10014 	sw	s1,20(sp)
10001550:	0c000540 	jal	10001500 <_ni_read>
10001554:	00409021 	move	s2,v0
10001558:	12000006 	beqz	s0,10001574 <ni_flush+0x44>
1000155c:	00008821 	move	s1,zero
10001560:	0c000540 	jal	10001500 <_ni_read>
10001564:	26310001 	addiu	s1,s1,1
10001568:	0230102a 	slt	v0,s1,s0
1000156c:	1440fffc 	bnez	v0,10001560 <ni_flush+0x30>
10001570:	00000000 	nop
10001574:	0c00007b 	jal	100001ec <_interrupt_set>
10001578:	02402021 	move	a0,s2
1000157c:	8fbf001c 	lw	ra,28(sp)
10001580:	8fb20018 	lw	s2,24(sp)
10001584:	8fb10014 	lw	s1,20(sp)
10001588:	8fb00010 	lw	s0,16(sp)
1000158c:	08000544 	j	10001510 <ni_ready>
10001590:	27bd0020 	addiu	sp,sp,32

10001594 <ni_read_packet>:
10001594:	27bdffd8 	addiu	sp,sp,-40
10001598:	afb00014 	sw	s0,20(sp)
1000159c:	00808021 	move	s0,a0
100015a0:	00002021 	move	a0,zero
100015a4:	afb30020 	sw	s3,32(sp)
100015a8:	afb10018 	sw	s1,24(sp)
100015ac:	afbf0024 	sw	ra,36(sp)
100015b0:	30b1ffff 	andi	s1,a1,0xffff
100015b4:	0c00007b 	jal	100001ec <_interrupt_set>
100015b8:	afb2001c 	sw	s2,28(sp)
100015bc:	0c000540 	jal	10001500 <_ni_read>
100015c0:	00409821 	move	s3,v0
100015c4:	12200008 	beqz	s1,100015e8 <ni_read_packet+0x54>
100015c8:	00118840 	sll	s1,s1,0x1
100015cc:	00009021 	move	s2,zero
100015d0:	0c000540 	jal	10001500 <_ni_read>
100015d4:	00000000 	nop
100015d8:	02121821 	addu	v1,s0,s2
100015dc:	26520002 	addiu	s2,s2,2
100015e0:	1651fffb 	bne	s2,s1,100015d0 <ni_read_packet+0x3c>
100015e4:	a4620000 	sh	v0,0(v1)
100015e8:	0c00007b 	jal	100001ec <_interrupt_set>
100015ec:	02602021 	move	a0,s3
100015f0:	8fbf0024 	lw	ra,36(sp)
100015f4:	00001021 	move	v0,zero
100015f8:	8fb30020 	lw	s3,32(sp)
100015fc:	8fb2001c 	lw	s2,28(sp)
10001600:	8fb10018 	lw	s1,24(sp)
10001604:	8fb00014 	lw	s0,20(sp)
10001608:	03e00008 	jr	ra
1000160c:	27bd0028 	addiu	sp,sp,40

10001610 <ni_isr>:
10001610:	27bdffe0 	addiu	sp,sp,-32
10001614:	afb10018 	sw	s1,24(sp)
10001618:	3c111008 	lui	s1,0x1008
1000161c:	8e24e5b8 	lw	a0,-6728(s1)
10001620:	afb00014 	sw	s0,20(sp)
10001624:	afbf001c 	sw	ra,28(sp)
10001628:	0c0006e0 	jal	10001b80 <hf_queue_remhead>
1000162c:	00000000 	nop
10001630:	1040004f 	beqz	v0,10001770 <ni_isr+0x160>
10001634:	00408021 	move	s0,v0
10001638:	00402021 	move	a0,v0
1000163c:	0c000565 	jal	10001594 <ni_read_packet>
10001640:	24050040 	li	a1,64
10001644:	96030002 	lhu	v1,2(s0)
10001648:	2402003e 	li	v0,62
1000164c:	14620035 	bne	v1,v0,10001724 <ni_isr+0x114>
10001650:	24020021 	li	v0,33
10001654:	96060000 	lhu	a2,0(s0)
10001658:	00000000 	nop
1000165c:	14c20038 	bne	a2,v0,10001740 <ni_isr+0x130>
10001660:	30c500f0 	andi	a1,a2,0xf0
10001664:	96050008 	lhu	a1,8(s0)
10001668:	00000000 	nop
1000166c:	10a0002d 	beqz	a1,10001724 <ni_isr+0x114>
10001670:	3402ffff 	li	v0,0xffff
10001674:	10a20024 	beq	a1,v0,10001708 <ni_isr+0xf8>
10001678:	3c031008 	lui	v1,0x1008
1000167c:	2463e4d4 	addiu	v1,v1,-6956
10001680:	00001021 	move	v0,zero
10001684:	080005a6 	j	10001698 <ni_isr+0x88>
10001688:	2406001e 	li	a2,30
1000168c:	24420001 	addiu	v0,v0,1
10001690:	10460045 	beq	v0,a2,100017a8 <ni_isr+0x198>
10001694:	00000000 	nop
10001698:	94640000 	lhu	a0,0(v1)
1000169c:	00000000 	nop
100016a0:	1485fffa 	bne	a0,a1,1000168c <ni_isr+0x7c>
100016a4:	24630002 	addiu	v1,v1,2
100016a8:	00021880 	sll	v1,v0,0x2
100016ac:	00022100 	sll	a0,v0,0x4
100016b0:	00642021 	addu	a0,v1,a0
100016b4:	00821023 	subu	v0,a0,v0
100016b8:	3c041000 	lui	a0,0x1000
100016bc:	000210c0 	sll	v0,v0,0x3
100016c0:	248431cc 	addiu	a0,a0,12748
100016c4:	00441021 	addu	v0,v0,a0
100016c8:	8c420088 	lw	v0,136(v0)
100016cc:	00000000 	nop
100016d0:	10400035 	beqz	v0,100017a8 <ni_isr+0x198>
100016d4:	3c021008 	lui	v0,0x1008
100016d8:	2442e510 	addiu	v0,v0,-6896
100016dc:	00621821 	addu	v1,v1,v0
100016e0:	8c640000 	lw	a0,0(v1)
100016e4:	0c0006c8 	jal	10001b20 <hf_queue_addtail>
100016e8:	02002821 	move	a1,s0
100016ec:	14400029 	bnez	v0,10001794 <ni_isr+0x184>
100016f0:	3c041000 	lui	a0,0x1000
100016f4:	8fbf001c 	lw	ra,28(sp)
100016f8:	8fb10018 	lw	s1,24(sp)
100016fc:	8fb00014 	lw	s0,20(sp)
10001700:	03e00008 	jr	ra
10001704:	27bd0020 	addiu	sp,sp,32
10001708:	3c021008 	lui	v0,0x1008
1000170c:	8c42e5b4 	lw	v0,-6732(v0)
10001710:	00000000 	nop
10001714:	10400003 	beqz	v0,10001724 <ni_isr+0x114>
10001718:	00000000 	nop
1000171c:	0040f809 	jalr	v0
10001720:	02002021 	move	a0,s0
10001724:	8e24e5b8 	lw	a0,-6728(s1)
10001728:	02002821 	move	a1,s0
1000172c:	8fbf001c 	lw	ra,28(sp)
10001730:	8fb10018 	lw	s1,24(sp)
10001734:	8fb00014 	lw	s0,20(sp)
10001738:	080006c8 	j	10001b20 <hf_queue_addtail>
1000173c:	27bd0020 	addiu	sp,sp,32
10001740:	3c041000 	lui	a0,0x1000
10001744:	24842b58 	addiu	a0,a0,11096
10001748:	00052902 	srl	a1,a1,0x4
1000174c:	0c0001f7 	jal	100007dc <kprintf>
10001750:	30c6000f 	andi	a2,a2,0xf
10001754:	8e24e5b8 	lw	a0,-6728(s1)
10001758:	02002821 	move	a1,s0
1000175c:	8fbf001c 	lw	ra,28(sp)
10001760:	8fb10018 	lw	s1,24(sp)
10001764:	8fb00014 	lw	s0,20(sp)
10001768:	080006c8 	j	10001b20 <hf_queue_addtail>
1000176c:	27bd0020 	addiu	sp,sp,32
10001770:	3c041000 	lui	a0,0x1000
10001774:	0c0001f7 	jal	100007dc <kprintf>
10001778:	24842c14 	addiu	a0,a0,11284
1000177c:	8fbf001c 	lw	ra,28(sp)
10001780:	8fb10018 	lw	s1,24(sp)
10001784:	8fb00014 	lw	s0,20(sp)
10001788:	24040040 	li	a0,64
1000178c:	0800054c 	j	10001530 <ni_flush>
10001790:	27bd0020 	addiu	sp,sp,32
10001794:	96050008 	lhu	a1,8(s0)
10001798:	0c0001f7 	jal	100007dc <kprintf>
1000179c:	24842b8c 	addiu	a0,a0,11148
100017a0:	080005c9 	j	10001724 <ni_isr+0x114>
100017a4:	00000000 	nop
100017a8:	96060004 	lhu	a2,4(s0)
100017ac:	96070006 	lhu	a3,6(s0)
100017b0:	3c041000 	lui	a0,0x1000
100017b4:	0c0001f7 	jal	100007dc <kprintf>
100017b8:	24842bc8 	addiu	a0,a0,11208
100017bc:	080005c9 	j	10001724 <ni_isr+0x114>
100017c0:	00000000 	nop

100017c4 <ni_init>:
100017c4:	3c041000 	lui	a0,0x1000
100017c8:	27bdffd8 	addiu	sp,sp,-40
100017cc:	24842c40 	addiu	a0,a0,11328
100017d0:	24050005 	li	a1,5
100017d4:	afbf0024 	sw	ra,36(sp)
100017d8:	afb10020 	sw	s1,32(sp)
100017dc:	0c0001f7 	jal	100007dc <kprintf>
100017e0:	afb0001c 	sw	s0,28(sp)
100017e4:	3c041000 	lui	a0,0x1000
100017e8:	24842c5c 	addiu	a0,a0,11356
100017ec:	0c0001f7 	jal	100007dc <kprintf>
100017f0:	24050040 	li	a1,64
100017f4:	0c0006a9 	jal	10001aa4 <hf_queue_create>
100017f8:	24040040 	li	a0,64
100017fc:	3c111008 	lui	s1,0x1008
10001800:	10400034 	beqz	v0,100018d4 <ni_init+0x110>
10001804:	ae22e5b8 	sw	v0,-6728(s1)
10001808:	3c021008 	lui	v0,0x1008
1000180c:	2442e4d4 	addiu	v0,v0,-6956
10001810:	2443003c 	addiu	v1,v0,60
10001814:	a4400000 	sh	zero,0(v0)
10001818:	24420002 	addiu	v0,v0,2
1000181c:	1443fffd 	bne	v0,v1,10001814 <ni_init+0x50>
10001820:	00000000 	nop
10001824:	08000610 	j	10001840 <ni_init+0x7c>
10001828:	24100040 	li	s0,64
1000182c:	8e24e5b8 	lw	a0,-6728(s1)
10001830:	0c0006c8 	jal	10001b20 <hf_queue_addtail>
10001834:	00402821 	move	a1,v0
10001838:	1200000e 	beqz	s0,10001874 <ni_init+0xb0>
1000183c:	00000000 	nop
10001840:	0c0004b7 	jal	100012dc <hf_malloc>
10001844:	24040080 	li	a0,128
10001848:	1440fff8 	bnez	v0,1000182c <ni_init+0x68>
1000184c:	2610ffff 	addiu	s0,s0,-1
10001850:	24040004 	li	a0,4
10001854:	0c00063b 	jal	100018ec <panic>
10001858:	afa20010 	sw	v0,16(sp)
1000185c:	8fa20010 	lw	v0,16(sp)
10001860:	8e24e5b8 	lw	a0,-6728(s1)
10001864:	0c0006c8 	jal	10001b20 <hf_queue_addtail>
10001868:	00402821 	move	a1,v0
1000186c:	1600fff4 	bnez	s0,10001840 <ni_init+0x7c>
10001870:	00000000 	nop
10001874:	0c00054c 	jal	10001530 <ni_flush>
10001878:	24040040 	li	a0,64
1000187c:	14400008 	bnez	v0,100018a0 <ni_init+0xdc>
10001880:	00000000 	nop
10001884:	3c041000 	lui	a0,0x1000
10001888:	8fbf0024 	lw	ra,36(sp)
1000188c:	8fb10020 	lw	s1,32(sp)
10001890:	8fb0001c 	lw	s0,28(sp)
10001894:	24842ca0 	addiu	a0,a0,11424
10001898:	080001f7 	j	100007dc <kprintf>
1000189c:	27bd0028 	addiu	sp,sp,40
100018a0:	3c051000 	lui	a1,0x1000
100018a4:	24040100 	li	a0,256
100018a8:	0c000179 	jal	100005e4 <_irq_register>
100018ac:	24a51610 	addiu	a1,a1,5648
100018b0:	0c0001a6 	jal	10000698 <_irq_mask_set>
100018b4:	24040100 	li	a0,256
100018b8:	3c041000 	lui	a0,0x1000
100018bc:	8fbf0024 	lw	ra,36(sp)
100018c0:	8fb10020 	lw	s1,32(sp)
100018c4:	8fb0001c 	lw	s0,28(sp)
100018c8:	24842c80 	addiu	a0,a0,11392
100018cc:	080001f7 	j	100007dc <kprintf>
100018d0:	27bd0028 	addiu	sp,sp,40
100018d4:	0c00063b 	jal	100018ec <panic>
100018d8:	24040004 	li	a0,4
100018dc:	08000603 	j	1000180c <ni_init+0x48>
100018e0:	3c021008 	lui	v0,0x1008

100018e4 <hf_cpuid>:
100018e4:	03e00008 	jr	ra
100018e8:	24020005 	li	v0,5

100018ec <panic>:
100018ec:	27bdffe8 	addiu	sp,sp,-24
100018f0:	afb00010 	sw	s0,16(sp)
100018f4:	00808021 	move	s0,a0
100018f8:	afbf0014 	sw	ra,20(sp)
100018fc:	0c00007b 	jal	100001ec <_interrupt_set>
10001900:	00002021 	move	a0,zero
10001904:	3c021008 	lui	v0,0x1008
10001908:	9445e588 	lhu	a1,-6776(v0)
1000190c:	3c041000 	lui	a0,0x1000
10001910:	0c0001f7 	jal	100007dc <kprintf>
10001914:	24842cc0 	addiu	a0,a0,11456
10001918:	2e02000f 	sltiu	v0,s0,15
1000191c:	1440000b 	bnez	v0,1000194c <panic+0x60>
10001920:	3c021000 	lui	v0,0x1000
10001924:	3c041000 	lui	a0,0x1000
10001928:	0c0001f7 	jal	100007dc <kprintf>
1000192c:	24842e58 	addiu	a0,a0,11864
10001930:	3c041000 	lui	a0,0x1000
10001934:	0c000393 	jal	10000e4c <printf>
10001938:	24842e68 	addiu	a0,a0,11880
1000193c:	0c000175 	jal	100005d4 <_panic>
10001940:	00000000 	nop
10001944:	08000651 	j	10001944 <panic+0x58>
10001948:	00000000 	nop
1000194c:	24422e7c 	addiu	v0,v0,11900
10001950:	00108080 	sll	s0,s0,0x2
10001954:	00508021 	addu	s0,v0,s0
10001958:	8e020000 	lw	v0,0(s0)
1000195c:	00000000 	nop
10001960:	00400008 	jr	v0
10001964:	00000000 	nop
10001968:	3c041000 	lui	a0,0x1000
1000196c:	0c0001f7 	jal	100007dc <kprintf>
10001970:	24842d1c 	addiu	a0,a0,11548
10001974:	0800064d 	j	10001934 <panic+0x48>
10001978:	3c041000 	lui	a0,0x1000
1000197c:	3c041000 	lui	a0,0x1000
10001980:	0c0001f7 	jal	100007dc <kprintf>
10001984:	24842e44 	addiu	a0,a0,11844
10001988:	0800064d 	j	10001934 <panic+0x48>
1000198c:	3c041000 	lui	a0,0x1000
10001990:	3c041000 	lui	a0,0x1000
10001994:	0c0001f7 	jal	100007dc <kprintf>
10001998:	24842e28 	addiu	a0,a0,11816
1000199c:	0800064d 	j	10001934 <panic+0x48>
100019a0:	3c041000 	lui	a0,0x1000
100019a4:	3c041000 	lui	a0,0x1000
100019a8:	0c0001f7 	jal	100007dc <kprintf>
100019ac:	24842e04 	addiu	a0,a0,11780
100019b0:	0800064d 	j	10001934 <panic+0x48>
100019b4:	3c041000 	lui	a0,0x1000
100019b8:	3c041000 	lui	a0,0x1000
100019bc:	0c0001f7 	jal	100007dc <kprintf>
100019c0:	24842de4 	addiu	a0,a0,11748
100019c4:	0800064d 	j	10001934 <panic+0x48>
100019c8:	3c041000 	lui	a0,0x1000
100019cc:	3c041000 	lui	a0,0x1000
100019d0:	0c0001f7 	jal	100007dc <kprintf>
100019d4:	24842dc4 	addiu	a0,a0,11716
100019d8:	0800064d 	j	10001934 <panic+0x48>
100019dc:	3c041000 	lui	a0,0x1000
100019e0:	3c041000 	lui	a0,0x1000
100019e4:	0c0001f7 	jal	100007dc <kprintf>
100019e8:	24842dac 	addiu	a0,a0,11692
100019ec:	0800064d 	j	10001934 <panic+0x48>
100019f0:	3c041000 	lui	a0,0x1000
100019f4:	3c041000 	lui	a0,0x1000
100019f8:	0c0001f7 	jal	100007dc <kprintf>
100019fc:	24842d78 	addiu	a0,a0,11640
10001a00:	0800064d 	j	10001934 <panic+0x48>
10001a04:	3c041000 	lui	a0,0x1000
10001a08:	3c041000 	lui	a0,0x1000
10001a0c:	0c0001f7 	jal	100007dc <kprintf>
10001a10:	24842d90 	addiu	a0,a0,11664
10001a14:	0800064d 	j	10001934 <panic+0x48>
10001a18:	3c041000 	lui	a0,0x1000
10001a1c:	3c041000 	lui	a0,0x1000
10001a20:	0c0001f7 	jal	100007dc <kprintf>
10001a24:	24842d60 	addiu	a0,a0,11616
10001a28:	0800064d 	j	10001934 <panic+0x48>
10001a2c:	3c041000 	lui	a0,0x1000
10001a30:	3c041000 	lui	a0,0x1000
10001a34:	0c0001f7 	jal	100007dc <kprintf>
10001a38:	24842d50 	addiu	a0,a0,11600
10001a3c:	0800064d 	j	10001934 <panic+0x48>
10001a40:	3c041000 	lui	a0,0x1000
10001a44:	3c041000 	lui	a0,0x1000
10001a48:	0c0001f7 	jal	100007dc <kprintf>
10001a4c:	24842d30 	addiu	a0,a0,11568
10001a50:	0800064d 	j	10001934 <panic+0x48>
10001a54:	3c041000 	lui	a0,0x1000
10001a58:	3c041000 	lui	a0,0x1000
10001a5c:	0c0001f7 	jal	100007dc <kprintf>
10001a60:	24842d0c 	addiu	a0,a0,11532
10001a64:	0800064d 	j	10001934 <panic+0x48>
10001a68:	3c041000 	lui	a0,0x1000
10001a6c:	3c041000 	lui	a0,0x1000
10001a70:	0c0001f7 	jal	100007dc <kprintf>
10001a74:	24842cf0 	addiu	a0,a0,11504
10001a78:	0800064d 	j	10001934 <panic+0x48>
10001a7c:	3c041000 	lui	a0,0x1000
10001a80:	3c041000 	lui	a0,0x1000
10001a84:	0c0001f7 	jal	100007dc <kprintf>
10001a88:	24842cdc 	addiu	a0,a0,11484
10001a8c:	0800064d 	j	10001934 <panic+0x48>
10001a90:	3c041000 	lui	a0,0x1000

10001a94 <hf_schedlock>:
10001a94:	2c840001 	sltiu	a0,a0,1
10001a98:	3c021008 	lui	v0,0x1008
10001a9c:	03e00008 	jr	ra
10001aa0:	a444e5a4 	sh	a0,-6748(v0)

10001aa4 <hf_queue_create>:
10001aa4:	27bdffe0 	addiu	sp,sp,-32
10001aa8:	afb10018 	sw	s1,24(sp)
10001aac:	00808821 	move	s1,a0
10001ab0:	afb00014 	sw	s0,20(sp)
10001ab4:	afbf001c 	sw	ra,28(sp)
10001ab8:	0c0004b7 	jal	100012dc <hf_malloc>
10001abc:	24040014 	li	a0,20
10001ac0:	1040000a 	beqz	v0,10001aec <hf_queue_create+0x48>
10001ac4:	00408021 	move	s0,v0
10001ac8:	26240001 	addiu	a0,s1,1
10001acc:	ac440000 	sw	a0,0(v0)
10001ad0:	0c0004b7 	jal	100012dc <hf_malloc>
10001ad4:	00042080 	sll	a0,a0,0x2
10001ad8:	1040000a 	beqz	v0,10001b04 <hf_queue_create+0x60>
10001adc:	ae020010 	sw	v0,16(s0)
10001ae0:	ae00000c 	sw	zero,12(s0)
10001ae4:	ae000008 	sw	zero,8(s0)
10001ae8:	ae000004 	sw	zero,4(s0)
10001aec:	8fbf001c 	lw	ra,28(sp)
10001af0:	02001021 	move	v0,s0
10001af4:	8fb10018 	lw	s1,24(sp)
10001af8:	8fb00014 	lw	s0,20(sp)
10001afc:	03e00008 	jr	ra
10001b00:	27bd0020 	addiu	sp,sp,32
10001b04:	0c00049c 	jal	10001270 <hf_free>
10001b08:	02002021 	move	a0,s0
10001b0c:	080006bb 	j	10001aec <hf_queue_create+0x48>
10001b10:	00008021 	move	s0,zero

10001b14 <hf_queue_count>:
10001b14:	8c820004 	lw	v0,4(a0)
10001b18:	03e00008 	jr	ra
10001b1c:	00000000 	nop

10001b20 <hf_queue_addtail>:
10001b20:	8c820000 	lw	v0,0(a0)
10001b24:	00000000 	nop
10001b28:	10400011 	beqz	v0,10001b70 <hf_queue_addtail+0x50>
10001b2c:	00000000 	nop
10001b30:	8c86000c 	lw	a2,12(a0)
10001b34:	8c870008 	lw	a3,8(a0)
10001b38:	24c30001 	addiu	v1,a2,1
10001b3c:	0062001a 	div	zero,v1,v0
10001b40:	00001810 	mfhi	v1
10001b44:	10e3000c 	beq	a3,v1,10001b78 <hf_queue_addtail+0x58>
10001b48:	00063080 	sll	a2,a2,0x2
10001b4c:	8c820010 	lw	v0,16(a0)
10001b50:	8c870004 	lw	a3,4(a0)
10001b54:	00463021 	addu	a2,v0,a2
10001b58:	24e70001 	addiu	a3,a3,1
10001b5c:	acc50000 	sw	a1,0(a2)
10001b60:	00001021 	move	v0,zero
10001b64:	ac83000c 	sw	v1,12(a0)
10001b68:	03e00008 	jr	ra
10001b6c:	ac870004 	sw	a3,4(a0)
10001b70:	03e00008 	jr	ra
10001b74:	2402ffff 	li	v0,-1
10001b78:	03e00008 	jr	ra
10001b7c:	2402ffff 	li	v0,-1

10001b80 <hf_queue_remhead>:
10001b80:	8c830000 	lw	v1,0(a0)
10001b84:	00000000 	nop
10001b88:	10600011 	beqz	v1,10001bd0 <hf_queue_remhead+0x50>
10001b8c:	00000000 	nop
10001b90:	8c820008 	lw	v0,8(a0)
10001b94:	8c85000c 	lw	a1,12(a0)
10001b98:	00000000 	nop
10001b9c:	1045000e 	beq	v0,a1,10001bd8 <hf_queue_remhead+0x58>
10001ba0:	24450001 	addiu	a1,v0,1
10001ba4:	00a3001a 	div	zero,a1,v1
10001ba8:	8c860010 	lw	a2,16(a0)
10001bac:	8c850004 	lw	a1,4(a0)
10001bb0:	00021080 	sll	v0,v0,0x2
10001bb4:	00c21021 	addu	v0,a2,v0
10001bb8:	24a5ffff 	addiu	a1,a1,-1
10001bbc:	8c420000 	lw	v0,0(v0)
10001bc0:	ac850004 	sw	a1,4(a0)
10001bc4:	00001810 	mfhi	v1
10001bc8:	03e00008 	jr	ra
10001bcc:	ac830008 	sw	v1,8(a0)
10001bd0:	03e00008 	jr	ra
10001bd4:	00001021 	move	v0,zero
10001bd8:	03e00008 	jr	ra
10001bdc:	00001021 	move	v0,zero

10001be0 <hf_queue_get>:
10001be0:	8c820000 	lw	v0,0(a0)
10001be4:	00000000 	nop
10001be8:	10400013 	beqz	v0,10001c38 <hf_queue_get+0x58>
10001bec:	00000000 	nop
10001bf0:	8c830004 	lw	v1,4(a0)
10001bf4:	00000000 	nop
10001bf8:	00a3182a 	slt	v1,a1,v1
10001bfc:	1060000e 	beqz	v1,10001c38 <hf_queue_get+0x58>
10001c00:	00000000 	nop
10001c04:	8c830008 	lw	v1,8(a0)
10001c08:	8c86000c 	lw	a2,12(a0)
10001c0c:	00000000 	nop
10001c10:	1066000b 	beq	v1,a2,10001c40 <hf_queue_get+0x60>
10001c14:	00a32821 	addu	a1,a1,v1
10001c18:	00a2001a 	div	zero,a1,v0
10001c1c:	8c830010 	lw	v1,16(a0)
10001c20:	00001010 	mfhi	v0
10001c24:	00021080 	sll	v0,v0,0x2
10001c28:	00621021 	addu	v0,v1,v0
10001c2c:	8c420000 	lw	v0,0(v0)
10001c30:	03e00008 	jr	ra
10001c34:	00000000 	nop
10001c38:	03e00008 	jr	ra
10001c3c:	00001021 	move	v0,zero
10001c40:	03e00008 	jr	ra
10001c44:	00001021 	move	v0,zero

10001c48 <hf_queue_swap>:
10001c48:	8c830000 	lw	v1,0(a0)
10001c4c:	00000000 	nop
10001c50:	10600022 	beqz	v1,10001cdc <hf_queue_swap+0x94>
10001c54:	00000000 	nop
10001c58:	8c820004 	lw	v0,4(a0)
10001c5c:	00000000 	nop
10001c60:	00a2382a 	slt	a3,a1,v0
10001c64:	10e0001d 	beqz	a3,10001cdc <hf_queue_swap+0x94>
10001c68:	00000000 	nop
10001c6c:	00c2102a 	slt	v0,a2,v0
10001c70:	1040001a 	beqz	v0,10001cdc <hf_queue_swap+0x94>
10001c74:	00000000 	nop
10001c78:	8c820008 	lw	v0,8(a0)
10001c7c:	8c87000c 	lw	a3,12(a0)
10001c80:	00000000 	nop
10001c84:	10470017 	beq	v0,a3,10001ce4 <hf_queue_swap+0x9c>
10001c88:	00c23021 	addu	a2,a2,v0
10001c8c:	00c3001a 	div	zero,a2,v1
10001c90:	00a22821 	addu	a1,a1,v0
10001c94:	8c870010 	lw	a3,16(a0)
10001c98:	00001021 	move	v0,zero
10001c9c:	00003010 	mfhi	a2
10001ca0:	00063080 	sll	a2,a2,0x2
10001ca4:	00000000 	nop
10001ca8:	00a3001a 	div	zero,a1,v1
10001cac:	00e62821 	addu	a1,a3,a2
10001cb0:	8ca80000 	lw	t0,0(a1)
10001cb4:	00001810 	mfhi	v1
10001cb8:	00031880 	sll	v1,v1,0x2
10001cbc:	00e33821 	addu	a3,a3,v1
10001cc0:	8ce30000 	lw	v1,0(a3)
10001cc4:	ace80000 	sw	t0,0(a3)
10001cc8:	8c840010 	lw	a0,16(a0)
10001ccc:	00000000 	nop
10001cd0:	00863021 	addu	a2,a0,a2
10001cd4:	03e00008 	jr	ra
10001cd8:	acc30000 	sw	v1,0(a2)
10001cdc:	03e00008 	jr	ra
10001ce0:	2402ffff 	li	v0,-1
10001ce4:	03e00008 	jr	ra
10001ce8:	2402ffff 	li	v0,-1

10001cec <rt_queue_next>:
10001cec:	27bdffe0 	addiu	sp,sp,-32
10001cf0:	afb00014 	sw	s0,20(sp)
10001cf4:	3c101008 	lui	s0,0x1008
10001cf8:	8e04e5a0 	lw	a0,-6752(s0)
10001cfc:	afb10018 	sw	s1,24(sp)
10001d00:	afbf001c 	sw	ra,28(sp)
10001d04:	0c0006e0 	jal	10001b80 <hf_queue_remhead>
10001d08:	3c111008 	lui	s1,0x1008
10001d0c:	10400010 	beqz	v0,10001d50 <rt_queue_next+0x64>
10001d10:	ae22e58c 	sw	v0,-6772(s1)
10001d14:	8e04e5a0 	lw	a0,-6752(s0)
10001d18:	0c0006c8 	jal	10001b20 <hf_queue_addtail>
10001d1c:	00402821 	move	a1,v0
10001d20:	14400006 	bnez	v0,10001d3c <rt_queue_next+0x50>
10001d24:	2404000b 	li	a0,11
10001d28:	8fbf001c 	lw	ra,28(sp)
10001d2c:	8fb10018 	lw	s1,24(sp)
10001d30:	8fb00014 	lw	s0,20(sp)
10001d34:	03e00008 	jr	ra
10001d38:	27bd0020 	addiu	sp,sp,32
10001d3c:	8fbf001c 	lw	ra,28(sp)
10001d40:	8fb10018 	lw	s1,24(sp)
10001d44:	8fb00014 	lw	s0,20(sp)
10001d48:	0800063b 	j	100018ec <panic>
10001d4c:	27bd0020 	addiu	sp,sp,32
10001d50:	0c00063b 	jal	100018ec <panic>
10001d54:	24040006 	li	a0,6
10001d58:	8e22e58c 	lw	v0,-6772(s1)
10001d5c:	08000745 	j	10001d14 <rt_queue_next+0x28>
10001d60:	00000000 	nop

10001d64 <run_queue_next>:
10001d64:	27bdffe0 	addiu	sp,sp,-32
10001d68:	afb00014 	sw	s0,20(sp)
10001d6c:	3c101008 	lui	s0,0x1008
10001d70:	8e04e59c 	lw	a0,-6756(s0)
10001d74:	afb10018 	sw	s1,24(sp)
10001d78:	afbf001c 	sw	ra,28(sp)
10001d7c:	0c0006e0 	jal	10001b80 <hf_queue_remhead>
10001d80:	3c111008 	lui	s1,0x1008
10001d84:	10400010 	beqz	v0,10001dc8 <run_queue_next+0x64>
10001d88:	ae22e58c 	sw	v0,-6772(s1)
10001d8c:	8e04e59c 	lw	a0,-6756(s0)
10001d90:	0c0006c8 	jal	10001b20 <hf_queue_addtail>
10001d94:	00402821 	move	a1,v0
10001d98:	14400006 	bnez	v0,10001db4 <run_queue_next+0x50>
10001d9c:	24040009 	li	a0,9
10001da0:	8fbf001c 	lw	ra,28(sp)
10001da4:	8fb10018 	lw	s1,24(sp)
10001da8:	8fb00014 	lw	s0,20(sp)
10001dac:	03e00008 	jr	ra
10001db0:	27bd0020 	addiu	sp,sp,32
10001db4:	8fbf001c 	lw	ra,28(sp)
10001db8:	8fb10018 	lw	s1,24(sp)
10001dbc:	8fb00014 	lw	s0,20(sp)
10001dc0:	0800063b 	j	100018ec <panic>
10001dc4:	27bd0020 	addiu	sp,sp,32
10001dc8:	0c00063b 	jal	100018ec <panic>
10001dcc:	24040005 	li	a0,5
10001dd0:	8e22e58c 	lw	v0,-6772(s1)
10001dd4:	08000763 	j	10001d8c <run_queue_next+0x28>
10001dd8:	00000000 	nop

10001ddc <dispatch_isr>:
10001ddc:	27bdffc8 	addiu	sp,sp,-56
10001de0:	afbf0034 	sw	ra,52(sp)
10001de4:	afb60030 	sw	s6,48(sp)
10001de8:	afb5002c 	sw	s5,44(sp)
10001dec:	afb40028 	sw	s4,40(sp)
10001df0:	afb30024 	sw	s3,36(sp)
10001df4:	afb20020 	sw	s2,32(sp)
10001df8:	afb1001c 	sw	s1,28(sp)
10001dfc:	0c000162 	jal	10000588 <_timer_reset>
10001e00:	afb00018 	sw	s0,24(sp)
10001e04:	3c021008 	lui	v0,0x1008
10001e08:	9442e5a4 	lhu	v0,-6748(v0)
10001e0c:	00000000 	nop
10001e10:	1440000b 	bnez	v0,10001e40 <dispatch_isr+0x64>
10001e14:	3c141008 	lui	s4,0x1008
10001e18:	8fbf0034 	lw	ra,52(sp)
10001e1c:	8fb60030 	lw	s6,48(sp)
10001e20:	8fb5002c 	lw	s5,44(sp)
10001e24:	8fb40028 	lw	s4,40(sp)
10001e28:	8fb30024 	lw	s3,36(sp)
10001e2c:	8fb20020 	lw	s2,32(sp)
10001e30:	8fb1001c 	lw	s1,28(sp)
10001e34:	8fb00018 	lw	s0,24(sp)
10001e38:	03e00008 	jr	ra
10001e3c:	27bd0038 	addiu	sp,sp,56
10001e40:	9683e588 	lhu	v1,-6776(s4)
10001e44:	3c131008 	lui	s3,0x1008
10001e48:	00032080 	sll	a0,v1,0x2
10001e4c:	00031100 	sll	v0,v1,0x4
10001e50:	00821021 	addu	v0,a0,v0
10001e54:	00431823 	subu	v1,v0,v1
10001e58:	3c021000 	lui	v0,0x1000
10001e5c:	000318c0 	sll	v1,v1,0x3
10001e60:	244231cc 	addiu	v0,v0,12748
10001e64:	00431021 	addu	v0,v0,v1
10001e68:	24440038 	addiu	a0,v0,56
10001e6c:	0c00008f 	jal	1000023c <_context_save>
10001e70:	ae62e58c 	sw	v0,-6772(s3)
10001e74:	1440ffe8 	bnez	v0,10001e18 <dispatch_isr+0x3c>
10001e78:	24030002 	li	v1,2
10001e7c:	8e62e58c 	lw	v0,-6772(s3)
10001e80:	00000000 	nop
10001e84:	90440016 	lbu	a0,22(v0)
10001e88:	00000000 	nop
10001e8c:	1083005a 	beq	a0,v1,10001ff8 <dispatch_isr+0x21c>
10001e90:	24030001 	li	v1,1
10001e94:	8c42008c 	lw	v0,140(v0)
10001e98:	00000000 	nop
10001e9c:	8c430000 	lw	v1,0(v0)
10001ea0:	3c02b00b 	lui	v0,0xb00b
10001ea4:	3442b00b 	ori	v0,v0,0xb00b
10001ea8:	10620004 	beq	v1,v0,10001ebc <dispatch_isr+0xe0>
10001eac:	3c021008 	lui	v0,0x1008
10001eb0:	0c00063b 	jal	100018ec <panic>
10001eb4:	24040002 	li	a0,2
10001eb8:	3c021008 	lui	v0,0x1008
10001ebc:	9442e594 	lhu	v0,-6764(v0)
10001ec0:	00000000 	nop
10001ec4:	10400042 	beqz	v0,10001fd0 <dispatch_isr+0x1f4>
10001ec8:	24040003 	li	a0,3
10001ecc:	3c111008 	lui	s1,0x1008
10001ed0:	8e24e5a8 	lw	a0,-6744(s1)
10001ed4:	0c0006c5 	jal	10001b14 <hf_queue_count>
10001ed8:	00000000 	nop
10001edc:	18400024 	blez	v0,10001f70 <dispatch_isr+0x194>
10001ee0:	00409021 	move	s2,v0
10001ee4:	00008021 	move	s0,zero
10001ee8:	3c161008 	lui	s6,0x1008
10001eec:	080007c5 	j	10001f14 <dispatch_isr+0x138>
10001ef0:	3c151008 	lui	s5,0x1008
10001ef4:	8ea4e5a0 	lw	a0,-6752(s5)
10001ef8:	0c0006c8 	jal	10001b20 <hf_queue_addtail>
10001efc:	00402821 	move	a1,v0
10001f00:	14400048 	bnez	v0,10002024 <dispatch_isr+0x248>
10001f04:	00000000 	nop
10001f08:	26100001 	addiu	s0,s0,1
10001f0c:	12120018 	beq	s0,s2,10001f70 <dispatch_isr+0x194>
10001f10:	00000000 	nop
10001f14:	8e24e5a8 	lw	a0,-6744(s1)
10001f18:	0c0006e0 	jal	10001b80 <hf_queue_remhead>
10001f1c:	00000000 	nop
10001f20:	10400044 	beqz	v0,10002034 <dispatch_isr+0x258>
10001f24:	24040007 	li	a0,7
10001f28:	8c43001c 	lw	v1,28(v0)
10001f2c:	00000000 	nop
10001f30:	2463ffff 	addiu	v1,v1,-1
10001f34:	14600032 	bnez	v1,10002000 <dispatch_isr+0x224>
10001f38:	ac43001c 	sw	v1,28(v0)
10001f3c:	9443002c 	lhu	v1,44(v0)
10001f40:	00000000 	nop
10001f44:	1460ffeb 	bnez	v1,10001ef4 <dispatch_isr+0x118>
10001f48:	00000000 	nop
10001f4c:	8ec4e59c 	lw	a0,-6756(s6)
10001f50:	0c0006c8 	jal	10001b20 <hf_queue_addtail>
10001f54:	00402821 	move	a1,v0
10001f58:	1040ffeb 	beqz	v0,10001f08 <dispatch_isr+0x12c>
10001f5c:	24040009 	li	a0,9
10001f60:	0c00063b 	jal	100018ec <panic>
10001f64:	26100001 	addiu	s0,s0,1
10001f68:	1612ffea 	bne	s0,s2,10001f14 <dispatch_isr+0x138>
10001f6c:	00000000 	nop
10001f70:	3c101008 	lui	s0,0x1008
10001f74:	8e02e4bc 	lw	v0,-6980(s0)
10001f78:	00000000 	nop
10001f7c:	0040f809 	jalr	v0
10001f80:	2610e4bc 	addiu	s0,s0,-6980
10001f84:	3042ffff 	andi	v0,v0,0xffff
10001f88:	14400007 	bnez	v0,10001fa8 <dispatch_isr+0x1cc>
10001f8c:	a682e588 	sh	v0,-6776(s4)
10001f90:	8e020004 	lw	v0,4(s0)
10001f94:	00000000 	nop
10001f98:	0040f809 	jalr	v0
10001f9c:	00000000 	nop
10001fa0:	3c031008 	lui	v1,0x1008
10001fa4:	a462e588 	sh	v0,-6776(v1)
10001fa8:	8e02000c 	lw	v0,12(s0)
10001fac:	8e63e58c 	lw	v1,-6772(s3)
10001fb0:	24420001 	addiu	v0,v0,1
10001fb4:	24050002 	li	a1,2
10001fb8:	24640038 	addiu	a0,v1,56
10001fbc:	a0650016 	sb	a1,22(v1)
10001fc0:	ae02000c 	sw	v0,12(s0)
10001fc4:	0c00009d 	jal	10000274 <_context_restore>
10001fc8:	24050001 	li	a1,1
10001fcc:	240400ff 	li	a0,255
10001fd0:	8fbf0034 	lw	ra,52(sp)
10001fd4:	8fb60030 	lw	s6,48(sp)
10001fd8:	8fb5002c 	lw	s5,44(sp)
10001fdc:	8fb40028 	lw	s4,40(sp)
10001fe0:	8fb30024 	lw	s3,36(sp)
10001fe4:	8fb20020 	lw	s2,32(sp)
10001fe8:	8fb1001c 	lw	s1,28(sp)
10001fec:	8fb00018 	lw	s0,24(sp)
10001ff0:	0800063b 	j	100018ec <panic>
10001ff4:	27bd0038 	addiu	sp,sp,56
10001ff8:	080007a5 	j	10001e94 <dispatch_isr+0xb8>
10001ffc:	a0430016 	sb	v1,22(v0)
10002000:	8e24e5a8 	lw	a0,-6744(s1)
10002004:	0c0006c8 	jal	10001b20 <hf_queue_addtail>
10002008:	00402821 	move	a1,v0
1000200c:	1040ffbe 	beqz	v0,10001f08 <dispatch_isr+0x12c>
10002010:	00000000 	nop
10002014:	0c00063b 	jal	100018ec <panic>
10002018:	2404000a 	li	a0,10
1000201c:	080007c3 	j	10001f0c <dispatch_isr+0x130>
10002020:	26100001 	addiu	s0,s0,1
10002024:	0c00063b 	jal	100018ec <panic>
10002028:	2404000b 	li	a0,11
1000202c:	080007c3 	j	10001f0c <dispatch_isr+0x130>
10002030:	26100001 	addiu	s0,s0,1
10002034:	0c00063b 	jal	100018ec <panic>
10002038:	afa20010 	sw	v0,16(sp)
1000203c:	8fa20010 	lw	v0,16(sp)
10002040:	080007ca 	j	10001f28 <dispatch_isr+0x14c>
10002044:	00000000 	nop

10002048 <sched_priorityrr>:
10002048:	3c021008 	lui	v0,0x1008
1000204c:	8c44e59c 	lw	a0,-6756(v0)
10002050:	27bdffd0 	addiu	sp,sp,-48
10002054:	afb2001c 	sw	s2,28(sp)
10002058:	afbf002c 	sw	ra,44(sp)
1000205c:	afb50028 	sw	s5,40(sp)
10002060:	afb40024 	sw	s4,36(sp)
10002064:	afb30020 	sw	s3,32(sp)
10002068:	afb10018 	sw	s1,24(sp)
1000206c:	0c0006c5 	jal	10001b14 <hf_queue_count>
10002070:	afb00014 	sw	s0,20(sp)
10002074:	10400043 	beqz	v0,10002184 <sched_priorityrr+0x13c>
10002078:	00409021 	move	s2,v0
1000207c:	0c000759 	jal	10001d64 <run_queue_next>
10002080:	00000000 	nop
10002084:	1a400043 	blez	s2,10002194 <sched_priorityrr+0x14c>
10002088:	241400ff 	li	s4,255
1000208c:	00008021 	move	s0,zero
10002090:	00008821 	move	s1,zero
10002094:	3c131008 	lui	s3,0x1008
10002098:	24150003 	li	s5,3
1000209c:	0c000759 	jal	10001d64 <run_queue_next>
100020a0:	26310001 	addiu	s1,s1,1
100020a4:	8e62e58c 	lw	v0,-6772(s3)
100020a8:	00000000 	nop
100020ac:	90430019 	lbu	v1,25(v0)
100020b0:	00000000 	nop
100020b4:	10600005 	beqz	v1,100020cc <sched_priorityrr+0x84>
100020b8:	00000000 	nop
100020bc:	90430016 	lbu	v1,22(v0)
100020c0:	00000000 	nop
100020c4:	1475002c 	bne	v1,s5,10002178 <sched_priorityrr+0x130>
100020c8:	00000000 	nop
100020cc:	90430018 	lbu	v1,24(v0)
100020d0:	00000000 	nop
100020d4:	0074202b 	sltu	a0,v1,s4
100020d8:	10800007 	beqz	a0,100020f8 <sched_priorityrr+0xb0>
100020dc:	00000000 	nop
100020e0:	90440016 	lbu	a0,22(v0)
100020e4:	00000000 	nop
100020e8:	10950003 	beq	a0,s5,100020f8 <sched_priorityrr+0xb0>
100020ec:	00000000 	nop
100020f0:	00408021 	move	s0,v0
100020f4:	0060a021 	move	s4,v1
100020f8:	1632ffe8 	bne	s1,s2,1000209c <sched_priorityrr+0x54>
100020fc:	00000000 	nop
10002100:	00008821 	move	s1,zero
10002104:	0c000759 	jal	10001d64 <run_queue_next>
10002108:	26310001 	addiu	s1,s1,1
1000210c:	8e62e58c 	lw	v0,-6772(s3)
10002110:	00000000 	nop
10002114:	12020006 	beq	s0,v0,10002130 <sched_priorityrr+0xe8>
10002118:	00000000 	nop
1000211c:	90440018 	lbu	a0,24(v0)
10002120:	92030018 	lbu	v1,24(s0)
10002124:	00000000 	nop
10002128:	00831823 	subu	v1,a0,v1
1000212c:	a0430018 	sb	v1,24(v0)
10002130:	1632fff4 	bne	s1,s2,10002104 <sched_priorityrr+0xbc>
10002134:	00000000 	nop
10002138:	92020017 	lbu	v0,23(s0)
1000213c:	ae70e58c 	sw	s0,-6772(s3)
10002140:	a2020018 	sb	v0,24(s0)
10002144:	8e030024 	lw	v1,36(s0)
10002148:	8fbf002c 	lw	ra,44(sp)
1000214c:	24630001 	addiu	v1,v1,1
10002150:	96020000 	lhu	v0,0(s0)
10002154:	ae030024 	sw	v1,36(s0)
10002158:	8fb50028 	lw	s5,40(sp)
1000215c:	8fb40024 	lw	s4,36(sp)
10002160:	8fb30020 	lw	s3,32(sp)
10002164:	8fb2001c 	lw	s2,28(sp)
10002168:	8fb10018 	lw	s1,24(sp)
1000216c:	8fb00014 	lw	s0,20(sp)
10002170:	03e00008 	jr	ra
10002174:	27bd0030 	addiu	sp,sp,48
10002178:	a0400019 	sb	zero,25(v0)
1000217c:	08000851 	j	10002144 <sched_priorityrr+0xfc>
10002180:	00408021 	move	s0,v0
10002184:	0c00063b 	jal	100018ec <panic>
10002188:	24040005 	li	a0,5
1000218c:	0c000759 	jal	10001d64 <run_queue_next>
10002190:	00000000 	nop
10002194:	00008021 	move	s0,zero
10002198:	0800084e 	j	10002138 <sched_priorityrr+0xf0>
1000219c:	3c131008 	lui	s3,0x1008

100021a0 <sched_edf>:
100021a0:	27bdffc8 	addiu	sp,sp,-56
100021a4:	afb10018 	sw	s1,24(sp)
100021a8:	3c111008 	lui	s1,0x1008
100021ac:	8e24e5a0 	lw	a0,-6752(s1)
100021b0:	afb30020 	sw	s3,32(sp)
100021b4:	afbf0034 	sw	ra,52(sp)
100021b8:	afb70030 	sw	s7,48(sp)
100021bc:	afb6002c 	sw	s6,44(sp)
100021c0:	afb50028 	sw	s5,40(sp)
100021c4:	afb40024 	sw	s4,36(sp)
100021c8:	afb2001c 	sw	s2,28(sp)
100021cc:	0c0006c5 	jal	10001b14 <hf_queue_count>
100021d0:	afb00014 	sw	s0,20(sp)
100021d4:	10400070 	beqz	v0,10002398 <sched_edf+0x1f8>
100021d8:	00409821 	move	s3,v0
100021dc:	2456ffff 	addiu	s6,v0,-1
100021e0:	00009021 	move	s2,zero
100021e4:	0256102a 	slt	v0,s2,s6
100021e8:	10400024 	beqz	v0,1000227c <sched_edf+0xdc>
100021ec:	0220a821 	move	s5,s1
100021f0:	26540001 	addiu	s4,s2,1
100021f4:	0293102a 	slt	v0,s4,s3
100021f8:	1040001c 	beqz	v0,1000226c <sched_edf+0xcc>
100021fc:	00000000 	nop
10002200:	08000885 	j	10002214 <sched_edf+0x74>
10002204:	02808021 	move	s0,s4
10002208:	26100001 	addiu	s0,s0,1
1000220c:	12130017 	beq	s0,s3,1000226c <sched_edf+0xcc>
10002210:	00000000 	nop
10002214:	8e24e5a0 	lw	a0,-6752(s1)
10002218:	0c0006f8 	jal	10001be0 <hf_queue_get>
1000221c:	02402821 	move	a1,s2
10002220:	8e24e5a0 	lw	a0,-6752(s1)
10002224:	02002821 	move	a1,s0
10002228:	0c0006f8 	jal	10001be0 <hf_queue_get>
1000222c:	0040b821 	move	s7,v0
10002230:	94420034 	lhu	v0,52(v0)
10002234:	96e30034 	lhu	v1,52(s7)
10002238:	00000000 	nop
1000223c:	0043102b 	sltu	v0,v0,v1
10002240:	1040fff1 	beqz	v0,10002208 <sched_edf+0x68>
10002244:	02003021 	move	a2,s0
10002248:	8ea4e5a0 	lw	a0,-6752(s5)
1000224c:	0c000712 	jal	10001c48 <hf_queue_swap>
10002250:	02402821 	move	a1,s2
10002254:	1040ffec 	beqz	v0,10002208 <sched_edf+0x68>
10002258:	2404000c 	li	a0,12
1000225c:	0c00063b 	jal	100018ec <panic>
10002260:	26100001 	addiu	s0,s0,1
10002264:	1613ffeb 	bne	s0,s3,10002214 <sched_edf+0x74>
10002268:	00000000 	nop
1000226c:	02809021 	move	s2,s4
10002270:	0296102a 	slt	v0,s4,s6
10002274:	1440ffdf 	bnez	v0,100021f4 <sched_edf+0x54>
10002278:	26540001 	addiu	s4,s2,1
1000227c:	1a600048 	blez	s3,100023a0 <sched_edf+0x200>
10002280:	0000a021 	move	s4,zero
10002284:	00008021 	move	s0,zero
10002288:	3c111008 	lui	s1,0x1008
1000228c:	24120003 	li	s2,3
10002290:	0c00073b 	jal	10001cec <rt_queue_next>
10002294:	26100001 	addiu	s0,s0,1
10002298:	8e22e58c 	lw	v0,-6772(s1)
1000229c:	00000000 	nop
100022a0:	90430016 	lbu	v1,22(v0)
100022a4:	00000000 	nop
100022a8:	10720009 	beq	v1,s2,100022d0 <sched_edf+0x130>
100022ac:	00000000 	nop
100022b0:	94430032 	lhu	v1,50(v0)
100022b4:	00000000 	nop
100022b8:	10600005 	beqz	v1,100022d0 <sched_edf+0x130>
100022bc:	00000000 	nop
100022c0:	16800003 	bnez	s4,100022d0 <sched_edf+0x130>
100022c4:	2463ffff 	addiu	v1,v1,-1
100022c8:	94540000 	lhu	s4,0(v0)
100022cc:	a4430032 	sh	v1,50(v0)
100022d0:	94430034 	lhu	v1,52(v0)
100022d4:	00000000 	nop
100022d8:	2463ffff 	addiu	v1,v1,-1
100022dc:	3063ffff 	andi	v1,v1,0xffff
100022e0:	1460000d 	bnez	v1,10002318 <sched_edf+0x178>
100022e4:	a4430034 	sh	v1,52(v0)
100022e8:	9444002c 	lhu	a0,44(v0)
100022ec:	94430032 	lhu	v1,50(v0)
100022f0:	00000000 	nop
100022f4:	10600005 	beqz	v1,1000230c <sched_edf+0x16c>
100022f8:	a4440034 	sh	a0,52(v0)
100022fc:	8c430028 	lw	v1,40(v0)
10002300:	00000000 	nop
10002304:	24630001 	addiu	v1,v1,1
10002308:	ac430028 	sw	v1,40(v0)
1000230c:	9443002e 	lhu	v1,46(v0)
10002310:	00000000 	nop
10002314:	a4430032 	sh	v1,50(v0)
10002318:	1613ffdd 	bne	s0,s3,10002290 <sched_edf+0xf0>
1000231c:	00000000 	nop
10002320:	16800010 	bnez	s4,10002364 <sched_edf+0x1c4>
10002324:	00141100 	sll	v0,s4,0x4
10002328:	3c021000 	lui	v0,0x1000
1000232c:	244231cc 	addiu	v0,v0,12748
10002330:	ae22e58c 	sw	v0,-6772(s1)
10002334:	00001021 	move	v0,zero
10002338:	8fbf0034 	lw	ra,52(sp)
1000233c:	8fb70030 	lw	s7,48(sp)
10002340:	8fb6002c 	lw	s6,44(sp)
10002344:	8fb50028 	lw	s5,40(sp)
10002348:	8fb40024 	lw	s4,36(sp)
1000234c:	8fb30020 	lw	s3,32(sp)
10002350:	8fb2001c 	lw	s2,28(sp)
10002354:	8fb10018 	lw	s1,24(sp)
10002358:	8fb00014 	lw	s0,20(sp)
1000235c:	03e00008 	jr	ra
10002360:	27bd0038 	addiu	sp,sp,56
10002364:	00141880 	sll	v1,s4,0x2
10002368:	00621821 	addu	v1,v1,v0
1000236c:	00741823 	subu	v1,v1,s4
10002370:	3c021000 	lui	v0,0x1000
10002374:	000318c0 	sll	v1,v1,0x3
10002378:	244231cc 	addiu	v0,v0,12748
1000237c:	00431021 	addu	v0,v0,v1
10002380:	8c430020 	lw	v1,32(v0)
10002384:	ae22e58c 	sw	v0,-6772(s1)
10002388:	24630001 	addiu	v1,v1,1
1000238c:	ac430020 	sw	v1,32(v0)
10002390:	080008ce 	j	10002338 <sched_edf+0x198>
10002394:	02801021 	move	v0,s4
10002398:	080008ce 	j	10002338 <sched_edf+0x198>
1000239c:	00001021 	move	v0,zero
100023a0:	080008ca 	j	10002328 <sched_edf+0x188>
100023a4:	3c111008 	lui	s1,0x1008

100023a8 <hf_spawn>:
100023a8:	27bdffa0 	addiu	sp,sp,-96
100023ac:	afb40048 	sw	s4,72(sp)
100023b0:	afb20040 	sw	s2,64(sp)
100023b4:	30b4ffff 	andi	s4,a1,0xffff
100023b8:	30d2ffff 	andi	s2,a2,0xffff
100023bc:	0292102b 	sltu	v0,s4,s2
100023c0:	afb60050 	sw	s6,80(sp)
100023c4:	afb5004c 	sw	s5,76(sp)
100023c8:	afbf005c 	sw	ra,92(sp)
100023cc:	afbe0058 	sw	s8,88(sp)
100023d0:	afb70054 	sw	s7,84(sp)
100023d4:	afb30044 	sw	s3,68(sp)
100023d8:	afb1003c 	sw	s1,60(sp)
100023dc:	afb00038 	sw	s0,56(sp)
100023e0:	0080a821 	move	s5,a0
100023e4:	30f6ffff 	andi	s6,a3,0xffff
100023e8:	afa00028 	sw	zero,40(sp)
100023ec:	14400096 	bnez	v0,10002648 <hf_spawn+0x2a0>
100023f0:	2402ff9b 	li	v0,-101
100023f4:	02d2102b 	sltu	v0,s6,s2
100023f8:	14400093 	bnez	v0,10002648 <hf_spawn+0x2a0>
100023fc:	2402ff9b 	li	v0,-101
10002400:	0c00007b 	jal	100001ec <_interrupt_set>
10002404:	00002021 	move	a0,zero
10002408:	afa2002c 	sw	v0,44(sp)
1000240c:	8fa20028 	lw	v0,40(sp)
10002410:	3c101000 	lui	s0,0x1000
10002414:	00022080 	sll	a0,v0,0x2
10002418:	00021900 	sll	v1,v0,0x4
1000241c:	00831821 	addu	v1,a0,v1
10002420:	00621023 	subu	v0,v1,v0
10002424:	000210c0 	sll	v0,v0,0x3
10002428:	261031cc 	addiu	s0,s0,12748
1000242c:	02021021 	addu	v0,s0,v0
10002430:	8c420088 	lw	v0,136(v0)
10002434:	00000000 	nop
10002438:	14400013 	bnez	v0,10002488 <hf_spawn+0xe0>
1000243c:	00000000 	nop
10002440:	08000927 	j	1000249c <hf_spawn+0xf4>
10002444:	00000000 	nop
10002448:	8fa20028 	lw	v0,40(sp)
1000244c:	00000000 	nop
10002450:	24420001 	addiu	v0,v0,1
10002454:	afa20028 	sw	v0,40(sp)
10002458:	8fa20028 	lw	v0,40(sp)
1000245c:	00000000 	nop
10002460:	00022080 	sll	a0,v0,0x2
10002464:	00021900 	sll	v1,v0,0x4
10002468:	00831821 	addu	v1,a0,v1
1000246c:	00621023 	subu	v0,v1,v0
10002470:	000210c0 	sll	v0,v0,0x3
10002474:	02021021 	addu	v0,s0,v0
10002478:	8c420088 	lw	v0,136(v0)
1000247c:	00000000 	nop
10002480:	10400006 	beqz	v0,1000249c <hf_spawn+0xf4>
10002484:	00000000 	nop
10002488:	8fa20028 	lw	v0,40(sp)
1000248c:	00000000 	nop
10002490:	2c42001e 	sltiu	v0,v0,30
10002494:	1440ffec 	bnez	v0,10002448 <hf_spawn+0xa0>
10002498:	00000000 	nop
1000249c:	8fa30028 	lw	v1,40(sp)
100024a0:	2402001e 	li	v0,30
100024a4:	1062008d 	beq	v1,v0,100026dc <hf_spawn+0x334>
100024a8:	3c041000 	lui	a0,0x1000
100024ac:	8fa20028 	lw	v0,40(sp)
100024b0:	3c171008 	lui	s7,0x1008
100024b4:	00022080 	sll	a0,v0,0x2
100024b8:	00021900 	sll	v1,v0,0x4
100024bc:	00831821 	addu	v1,a0,v1
100024c0:	00621023 	subu	v0,v1,v0
100024c4:	96e7e594 	lhu	a3,-6764(s7)
100024c8:	8fa30028 	lw	v1,40(sp)
100024cc:	000210c0 	sll	v0,v0,0x3
100024d0:	02021021 	addu	v0,s0,v0
100024d4:	8fa50070 	lw	a1,112(sp)
100024d8:	3c111008 	lui	s1,0x1008
100024dc:	24e70001 	addiu	a3,a3,1
100024e0:	24060014 	li	a2,20
100024e4:	a4430000 	sh	v1,0(v0)
100024e8:	24440002 	addiu	a0,v0,2
100024ec:	a6e7e594 	sh	a3,-6764(s7)
100024f0:	0c00036a 	jal	10000da8 <strncpy>
100024f4:	ae22e58c 	sw	v0,-6772(s1)
100024f8:	8fb30074 	lw	s3,116(sp)
100024fc:	8e3ee58c 	lw	s8,-6772(s1)
10002500:	26730003 	addiu	s3,s3,3
10002504:	00139882 	srl	s3,s3,0x2
10002508:	00139880 	sll	s3,s3,0x2
1000250c:	24020064 	li	v0,100
10002510:	02602021 	move	a0,s3
10002514:	a3c00016 	sb	zero,22(s8)
10002518:	a3c20017 	sb	v0,23(s8)
1000251c:	a3c20018 	sb	v0,24(s8)
10002520:	afc0001c 	sw	zero,28(s8)
10002524:	a7d4002c 	sh	s4,44(s8)
10002528:	a7d2002e 	sh	s2,46(s8)
1000252c:	a7d60030 	sh	s6,48(s8)
10002530:	a7d20032 	sh	s2,50(s8)
10002534:	a7d60034 	sh	s6,52(s8)
10002538:	afc00020 	sw	zero,32(s8)
1000253c:	afc00024 	sw	zero,36(s8)
10002540:	afc00028 	sw	zero,40(s8)
10002544:	afd50088 	sw	s5,136(s8)
10002548:	0c0004b7 	jal	100012dc <hf_malloc>
1000254c:	afd30090 	sw	s3,144(s8)
10002550:	8e23e58c 	lw	v1,-6772(s1)
10002554:	afc2008c 	sw	v0,140(s8)
10002558:	8c65008c 	lw	a1,140(v1)
1000255c:	94640000 	lhu	a0,0(v1)
10002560:	24a5fffc 	addiu	a1,a1,-4
10002564:	0c000117 	jal	1000045c <_set_task_sp>
10002568:	00b32821 	addu	a1,a1,s3
1000256c:	8e22e58c 	lw	v0,-6772(s1)
10002570:	00000000 	nop
10002574:	94440000 	lhu	a0,0(v0)
10002578:	8c450088 	lw	a1,136(v0)
1000257c:	0c00012e 	jal	100004b8 <_set_task_tp>
10002580:	00000000 	nop
10002584:	8e3ee58c 	lw	s8,-6772(s1)
10002588:	00000000 	nop
1000258c:	8fc2008c 	lw	v0,140(s8)
10002590:	00000000 	nop
10002594:	10400042 	beqz	v0,100026a0 <hf_spawn+0x2f8>
10002598:	3c03b00b 	lui	v1,0xb00b
1000259c:	97c60000 	lhu	a2,0(s8)
100025a0:	97c7002c 	lhu	a3,44(s8)
100025a4:	3463b00b 	ori	v1,v1,0xb00b
100025a8:	00c02021 	move	a0,a2
100025ac:	ac430000 	sw	v1,0(v0)
100025b0:	97d6002e 	lhu	s6,46(s8)
100025b4:	97d50030 	lhu	s5,48(s8)
100025b8:	8fd20088 	lw	s2,136(s8)
100025bc:	afa60034 	sw	a2,52(sp)
100025c0:	0c000122 	jal	10000488 <_get_task_sp>
100025c4:	afa70030 	sw	a3,48(sp)
100025c8:	3c041000 	lui	a0,0x1000
100025cc:	8fa60034 	lw	a2,52(sp)
100025d0:	8fa70030 	lw	a3,48(sp)
100025d4:	24842ee0 	addiu	a0,a0,12000
100025d8:	27c50002 	addiu	a1,s8,2
100025dc:	afb60010 	sw	s6,16(sp)
100025e0:	afb50014 	sw	s5,20(sp)
100025e4:	afb20018 	sw	s2,24(sp)
100025e8:	afa2001c 	sw	v0,28(sp)
100025ec:	0c0001f7 	jal	100007dc <kprintf>
100025f0:	afb30020 	sw	s3,32(sp)
100025f4:	16800020 	bnez	s4,10002678 <hf_spawn+0x2d0>
100025f8:	3c021008 	lui	v0,0x1008
100025fc:	3c021008 	lui	v0,0x1008
10002600:	8c44e59c 	lw	a0,-6756(v0)
10002604:	8e25e58c 	lw	a1,-6772(s1)
10002608:	0c0006c8 	jal	10001b20 <hf_queue_addtail>
1000260c:	00000000 	nop
10002610:	1440002e 	bnez	v0,100026cc <hf_spawn+0x324>
10002614:	00000000 	nop
10002618:	3c021008 	lui	v0,0x1008
1000261c:	9442e588 	lhu	v0,-6776(v0)
10002620:	8fa4002c 	lw	a0,44(sp)
10002624:	00022880 	sll	a1,v0,0x2
10002628:	00021900 	sll	v1,v0,0x4
1000262c:	00a31821 	addu	v1,a1,v1
10002630:	00621023 	subu	v0,v1,v0
10002634:	000210c0 	sll	v0,v0,0x3
10002638:	02028021 	addu	s0,s0,v0
1000263c:	0c00007b 	jal	100001ec <_interrupt_set>
10002640:	ae30e58c 	sw	s0,-6772(s1)
10002644:	8fa20028 	lw	v0,40(sp)
10002648:	8fbf005c 	lw	ra,92(sp)
1000264c:	8fbe0058 	lw	s8,88(sp)
10002650:	8fb70054 	lw	s7,84(sp)
10002654:	8fb60050 	lw	s6,80(sp)
10002658:	8fb5004c 	lw	s5,76(sp)
1000265c:	8fb40048 	lw	s4,72(sp)
10002660:	8fb30044 	lw	s3,68(sp)
10002664:	8fb20040 	lw	s2,64(sp)
10002668:	8fb1003c 	lw	s1,60(sp)
1000266c:	8fb00038 	lw	s0,56(sp)
10002670:	03e00008 	jr	ra
10002674:	27bd0060 	addiu	sp,sp,96
10002678:	8c44e5a0 	lw	a0,-6752(v0)
1000267c:	8e25e58c 	lw	a1,-6772(s1)
10002680:	0c0006c8 	jal	10001b20 <hf_queue_addtail>
10002684:	00000000 	nop
10002688:	1040ffe3 	beqz	v0,10002618 <hf_spawn+0x270>
1000268c:	00000000 	nop
10002690:	0c00063b 	jal	100018ec <panic>
10002694:	2404000b 	li	a0,11
10002698:	08000987 	j	1000261c <hf_spawn+0x274>
1000269c:	3c021008 	lui	v0,0x1008
100026a0:	96e2e594 	lhu	v0,-6764(s7)
100026a4:	3c041000 	lui	a0,0x1000
100026a8:	2442ffff 	addiu	v0,v0,-1
100026ac:	afc00088 	sw	zero,136(s8)
100026b0:	24842f28 	addiu	a0,a0,12072
100026b4:	0c0001f7 	jal	100007dc <kprintf>
100026b8:	a6e2e594 	sh	v0,-6764(s7)
100026bc:	2402ff98 	li	v0,-104
100026c0:	afa20028 	sw	v0,40(sp)
100026c4:	08000987 	j	1000261c <hf_spawn+0x274>
100026c8:	3c021008 	lui	v0,0x1008
100026cc:	0c00063b 	jal	100018ec <panic>
100026d0:	24040009 	li	a0,9
100026d4:	08000987 	j	1000261c <hf_spawn+0x274>
100026d8:	3c021008 	lui	v0,0x1008
100026dc:	24842eb8 	addiu	a0,a0,11960
100026e0:	0c0001f7 	jal	100007dc <kprintf>
100026e4:	2405001e 	li	a1,30
100026e8:	8fa4002c 	lw	a0,44(sp)
100026ec:	0c00007b 	jal	100001ec <_interrupt_set>
100026f0:	00000000 	nop
100026f4:	08000992 	j	10002648 <hf_spawn+0x2a0>
100026f8:	2402ff99 	li	v0,-103
